2019-03-18 11:42:18.878  INFO 11272 --- [main] fz.fxq.casecore.CasecoreApplication      : Starting CasecoreApplication on DESKTOP-S74CRI5 with PID 11272 (D:\IdeaWorkspace\casecore\target\classes started by Administrator in D:\IdeaWorkspace\casecore)
2019-03-18 11:42:18.887  INFO 11272 --- [main] fz.fxq.casecore.CasecoreApplication      : No active profile set, falling back to default profiles: default
2019-03-18 11:42:19.994  INFO 11272 --- [main] .s.d.r.c.RepositoryConfigurationDelegate : Multiple Spring Data modules found, entering strict repository configuration mode!
2019-03-18 11:42:19.996  INFO 11272 --- [main] .s.d.r.c.RepositoryConfigurationDelegate : Bootstrapping Spring Data repositories in DEFAULT mode.
2019-03-18 11:42:20.027  INFO 11272 --- [main] .s.d.r.c.RepositoryConfigurationDelegate : Finished Spring Data repository scanning in 17ms. Found 0 repository interfaces.
2019-03-18 11:42:20.378  INFO 11272 --- [main] trationDelegate$BeanPostProcessorChecker : Bean 'org.springframework.transaction.annotation.ProxyTransactionManagementConfiguration' of type [org.springframework.transaction.annotation.ProxyTransactionManagementConfiguration$$EnhancerBySpringCGLIB$$afaf56f6] is not eligible for getting processed by all BeanPostProcessors (for example: not eligible for auto-proxying)
2019-03-18 11:42:20.470  INFO 11272 --- [main] trationDelegate$BeanPostProcessorChecker : Bean 'org.springframework.hateoas.config.HateoasConfiguration' of type [org.springframework.hateoas.config.HateoasConfiguration$$EnhancerBySpringCGLIB$$2f2fa428] is not eligible for getting processed by all BeanPostProcessors (for example: not eligible for auto-proxying)
2019-03-18 11:42:20.757  INFO 11272 --- [main] o.s.b.w.embedded.tomcat.TomcatWebServer  : Tomcat initialized with port(s): 8080 (http)
2019-03-18 11:42:20.784  INFO 11272 --- [main] o.apache.catalina.core.StandardService   : Starting service [Tomcat]
2019-03-18 11:42:20.784  INFO 11272 --- [main] org.apache.catalina.core.StandardEngine  : Starting Servlet engine: [Apache Tomcat/9.0.16]
2019-03-18 11:42:20.793  INFO 11272 --- [main] o.a.catalina.core.AprLifecycleListener   : The APR based Apache Tomcat Native library which allows optimal performance in production environments was not found on the java.library.path: [D:\Program Files\Java\jdk1.8.0_191\bin;C:\Windows\Sun\Java\bin;C:\Windows\system32;C:\Windows;D:\oracle\app\Administrator\product\11.2.0\dbhome_1\bin;C:\Program Files (x86)\Common Files\Oracle\Java\javapath;C:\Windows\system32;C:\Windows;C:\Windows\System32\Wbem;C:\Windows\System32\WindowsPowerShell\v1.0\;C:\Windows\System32\OpenSSH\;D:\Program Files\Git\cmd;D:\Program Files\nodejs\;C:\Users\Administrator\AppData\Local\Microsoft\WindowsApps;D:\Program Files\Java\jdk1.8.0_191\bin;"D:\Program Files\Java\jdk1.8.0_191\jre\bin;";D:\Program Files\apache-maven-3.6.0\bin;C:\Users\Administrator\AppData\Roaming\npm;D:\Program Files\nodejs;;.]
2019-03-18 11:42:20.900  INFO 11272 --- [main] o.a.c.c.C.[Tomcat].[localhost].[/]       : Initializing Spring embedded WebApplicationContext
2019-03-18 11:42:20.900  INFO 11272 --- [main] o.s.web.context.ContextLoader            : Root WebApplicationContext: initialization completed in 1902 ms
2019-03-18 11:42:21.840  INFO 11272 --- [main] o.s.s.concurrent.ThreadPoolTaskExecutor  : Initializing ExecutorService 'applicationTaskExecutor'
2019-03-18 11:42:22.165  INFO 11272 --- [main] d.s.w.p.DocumentationPluginsBootstrapper : Context refreshed
2019-03-18 11:42:22.180  INFO 11272 --- [main] d.s.w.p.DocumentationPluginsBootstrapper : Found {0} custom documentation plugin(s)
2019-03-18 11:42:22.189  INFO 11272 --- [main] s.d.s.w.s.ApiListingReferenceScanner     : Scanning for api listing references
2019-03-18 11:42:22.192  INFO 11272 --- [main] s.w.ClassOrApiAnnotationResourceGrouping : Group for method error was basic-error-controller
2019-03-18 11:42:22.195  INFO 11272 --- [main] s.d.s.w.s.ApiListingReferenceScanner     : Request mapping: error belongs to groups: [[ResourceGroup{groupName='basic-error-controller', position=0, controller=org.springframework.boot.autoconfigure.web.servlet.error.BasicErrorController}]] 
2019-03-18 11:42:22.196  INFO 11272 --- [main] s.w.ClassOrApiAnnotationResourceGrouping : Group for method errorHtml was basic-error-controller
2019-03-18 11:42:22.197  INFO 11272 --- [main] s.d.s.w.s.ApiListingReferenceScanner     : Request mapping: errorHtml belongs to groups: [[ResourceGroup{groupName='basic-error-controller', position=0, controller=org.springframework.boot.autoconfigure.web.servlet.error.BasicErrorController}]] 
2019-03-18 11:42:22.198  INFO 11272 --- [main] s.w.ClassOrApiAnnotationResourceGrouping : Group for method loginMybatis was 用户登录
2019-03-18 11:42:22.198  INFO 11272 --- [main] s.d.s.w.s.ApiListingReferenceScanner     : Request mapping: loginMybatis belongs to groups: [[ResourceGroup{groupName='用户登录', position=0, controller=fz.fxq.casecore.controller.LoginController}]] 
2019-03-18 11:42:22.198  INFO 11272 --- [main] s.w.ClassOrApiAnnotationResourceGrouping : Group for method loginOracle was 用户登录
2019-03-18 11:42:22.199  INFO 11272 --- [main] s.d.s.w.s.ApiListingReferenceScanner     : Request mapping: loginOracle belongs to groups: [[ResourceGroup{groupName='用户登录', position=0, controller=fz.fxq.casecore.controller.LoginController}]] 
2019-03-18 11:42:22.199  INFO 11272 --- [main] s.w.ClassOrApiAnnotationResourceGrouping : Group for method loginRedis was 用户登录
2019-03-18 11:42:22.199  INFO 11272 --- [main] s.d.s.w.s.ApiListingReferenceScanner     : Request mapping: loginRedis belongs to groups: [[ResourceGroup{groupName='用户登录', position=0, controller=fz.fxq.casecore.controller.LoginController}]] 
2019-03-18 11:42:22.204  INFO 11272 --- [main] s.d.s.w.s.ApiListingReferenceScanner     : Created resource listing Path: /default/basic-error-controller Description: basic-error-controller Position: 0
2019-03-18 11:42:22.205  INFO 11272 --- [main] s.d.s.w.s.ApiListingReferenceScanner     : Created resource listing Path: /default/用户登录 Description: 用户登录 Position: 0
2019-03-18 11:42:22.224  INFO 11272 --- [main] s.d.schema.ModelContextKeyGenerator      : Cache Key Generated: java.util.Map<java.lang.String,java.lang.Object>(true)
2019-03-18 11:42:22.225  INFO 11272 --- [main] s.d.spring.web.caching.CachingAspect     : Caching aspect applied for cache models with key java.util.Map<java.lang.String,java.lang.Object>(true)
2019-03-18 11:42:22.230  INFO 11272 --- [main] s.d.schema.ModelContextKeyGenerator      : Cache Key Generated: java.util.Map<java.lang.String,java.lang.Object>(true)
2019-03-18 11:42:22.230  INFO 11272 --- [main] s.d.spring.web.caching.CachingAspect     : Caching aspect applied for cache modelDependencies with key java.util.Map<java.lang.String,java.lang.Object>(true)
2019-03-18 11:42:22.233  INFO 11272 --- [main] s.d.spring.web.OperationsKeyGenerator    : Cache key generated: /error.org.springframework.boot.autoconfigure.web.servlet.error.BasicErrorController.error.DefaultGenericTypeNamingStrategy
2019-03-18 11:42:22.233  INFO 11272 --- [main] s.d.spring.web.caching.CachingAspect     : Caching aspect applied for cache operations with key /error.org.springframework.boot.autoconfigure.web.servlet.error.BasicErrorController.error.DefaultGenericTypeNamingStrategy
2019-03-18 11:42:22.242  INFO 11272 --- [main] s.w.ClassOrApiAnnotationResourceGrouping : Group for method error was basic-error-controller
2019-03-18 11:42:22.245  INFO 11272 --- [main] s.w.ClassOrApiAnnotationResourceGrouping : Group for method error was basic-error-controller
2019-03-18 11:42:22.248  INFO 11272 --- [main] s.w.ClassOrApiAnnotationResourceGrouping : Group for method error was basic-error-controller
2019-03-18 11:42:22.249  INFO 11272 --- [main] s.w.ClassOrApiAnnotationResourceGrouping : Group for method error was basic-error-controller
2019-03-18 11:42:22.249  INFO 11272 --- [main] s.w.ClassOrApiAnnotationResourceGrouping : Group for method error was basic-error-controller
2019-03-18 11:42:22.250  INFO 11272 --- [main] s.w.ClassOrApiAnnotationResourceGrouping : Group for method error was basic-error-controller
2019-03-18 11:42:22.251  INFO 11272 --- [main] s.w.ClassOrApiAnnotationResourceGrouping : Group for method error was basic-error-controller
2019-03-18 11:42:22.251  INFO 11272 --- [main] s.w.ClassOrApiAnnotationResourceGrouping : Group for method error was basic-error-controller
2019-03-18 11:42:22.252  INFO 11272 --- [main] s.w.ClassOrApiAnnotationResourceGrouping : Group for method error was basic-error-controller
2019-03-18 11:42:22.253  INFO 11272 --- [main] s.w.ClassOrApiAnnotationResourceGrouping : Group for method error was basic-error-controller
2019-03-18 11:42:22.253  INFO 11272 --- [main] s.w.ClassOrApiAnnotationResourceGrouping : Group for method error was basic-error-controller
2019-03-18 11:42:22.254  INFO 11272 --- [main] s.w.ClassOrApiAnnotationResourceGrouping : Group for method error was basic-error-controller
2019-03-18 11:42:22.255  INFO 11272 --- [main] s.w.ClassOrApiAnnotationResourceGrouping : Group for method error was basic-error-controller
2019-03-18 11:42:22.256  INFO 11272 --- [main] s.w.ClassOrApiAnnotationResourceGrouping : Group for method error was basic-error-controller
2019-03-18 11:42:22.257  INFO 11272 --- [main] s.w.ClassOrApiAnnotationResourceGrouping : Group for method error was basic-error-controller
2019-03-18 11:42:22.257  INFO 11272 --- [main] s.w.ClassOrApiAnnotationResourceGrouping : Group for method error was basic-error-controller
2019-03-18 11:42:22.262  INFO 11272 --- [main] s.d.schema.ModelContextKeyGenerator      : Cache Key Generated: org.springframework.web.servlet.ModelAndView(true)
2019-03-18 11:42:22.262  INFO 11272 --- [main] s.d.spring.web.caching.CachingAspect     : Caching aspect applied for cache models with key org.springframework.web.servlet.ModelAndView(true)
2019-03-18 11:42:22.263  INFO 11272 --- [main] s.d.s.p.ModelPropertiesKeyGenerator      : Cache key generated: org.springframework.web.servlet.ModelAndView(true)
2019-03-18 11:42:22.263  INFO 11272 --- [main] s.d.spring.web.caching.CachingAspect     : Caching aspect applied for cache modelProperties with key org.springframework.web.servlet.ModelAndView(true)
2019-03-18 11:42:22.296  INFO 11272 --- [main] s.d.schema.ModelContextKeyGenerator      : Cache Key Generated: org.springframework.web.servlet.ModelAndView(true)
2019-03-18 11:42:22.296  INFO 11272 --- [main] s.d.spring.web.caching.CachingAspect     : Caching aspect applied for cache modelDependencies with key org.springframework.web.servlet.ModelAndView(true)
2019-03-18 11:42:22.297  INFO 11272 --- [main] s.d.s.p.ModelPropertiesKeyGenerator      : Cache key generated: org.springframework.web.servlet.ModelAndView(true)
2019-03-18 11:42:22.297  INFO 11272 --- [main] s.d.spring.web.caching.CachingAspect     : Caching aspect applied for cache modelProperties with key org.springframework.web.servlet.ModelAndView(true)
2019-03-18 11:42:22.297  INFO 11272 --- [main] s.d.s.p.ModelPropertiesKeyGenerator      : Cache key generated: org.springframework.web.servlet.View(true)
2019-03-18 11:42:22.297  INFO 11272 --- [main] s.d.spring.web.caching.CachingAspect     : Caching aspect applied for cache modelProperties with key org.springframework.web.servlet.View(true)
2019-03-18 11:42:22.299  INFO 11272 --- [main] s.d.s.p.ModelPropertiesKeyGenerator      : Cache key generated: org.springframework.web.servlet.View(true)
2019-03-18 11:42:22.299  INFO 11272 --- [main] s.d.spring.web.caching.CachingAspect     : Caching aspect applied for cache modelProperties with key org.springframework.web.servlet.View(true)
2019-03-18 11:42:22.300  INFO 11272 --- [main] s.d.spring.web.OperationsKeyGenerator    : Cache key generated: /error.org.springframework.boot.autoconfigure.web.servlet.error.BasicErrorController.errorHtml.DefaultGenericTypeNamingStrategy
2019-03-18 11:42:22.300  INFO 11272 --- [main] s.d.spring.web.caching.CachingAspect     : Caching aspect applied for cache operations with key /error.org.springframework.boot.autoconfigure.web.servlet.error.BasicErrorController.errorHtml.DefaultGenericTypeNamingStrategy
2019-03-18 11:42:22.301  INFO 11272 --- [main] s.w.ClassOrApiAnnotationResourceGrouping : Group for method errorHtml was basic-error-controller
2019-03-18 11:42:22.302  INFO 11272 --- [main] s.w.ClassOrApiAnnotationResourceGrouping : Group for method errorHtml was basic-error-controller
2019-03-18 11:42:22.302  INFO 11272 --- [main] s.w.ClassOrApiAnnotationResourceGrouping : Group for method errorHtml was basic-error-controller
2019-03-18 11:42:22.303  INFO 11272 --- [main] s.w.ClassOrApiAnnotationResourceGrouping : Group for method errorHtml was basic-error-controller
2019-03-18 11:42:22.303  INFO 11272 --- [main] s.w.ClassOrApiAnnotationResourceGrouping : Group for method errorHtml was basic-error-controller
2019-03-18 11:42:22.304  INFO 11272 --- [main] s.w.ClassOrApiAnnotationResourceGrouping : Group for method errorHtml was basic-error-controller
2019-03-18 11:42:22.304  INFO 11272 --- [main] s.w.ClassOrApiAnnotationResourceGrouping : Group for method errorHtml was basic-error-controller
2019-03-18 11:42:22.304  INFO 11272 --- [main] s.w.ClassOrApiAnnotationResourceGrouping : Group for method errorHtml was basic-error-controller
2019-03-18 11:42:22.305  INFO 11272 --- [main] s.w.ClassOrApiAnnotationResourceGrouping : Group for method errorHtml was basic-error-controller
2019-03-18 11:42:22.305  INFO 11272 --- [main] s.w.ClassOrApiAnnotationResourceGrouping : Group for method errorHtml was basic-error-controller
2019-03-18 11:42:22.306  INFO 11272 --- [main] s.w.ClassOrApiAnnotationResourceGrouping : Group for method errorHtml was basic-error-controller
2019-03-18 11:42:22.306  INFO 11272 --- [main] s.w.ClassOrApiAnnotationResourceGrouping : Group for method errorHtml was basic-error-controller
2019-03-18 11:42:22.307  INFO 11272 --- [main] s.w.ClassOrApiAnnotationResourceGrouping : Group for method errorHtml was basic-error-controller
2019-03-18 11:42:22.308  INFO 11272 --- [main] s.w.ClassOrApiAnnotationResourceGrouping : Group for method errorHtml was basic-error-controller
2019-03-18 11:42:22.308  INFO 11272 --- [main] s.w.ClassOrApiAnnotationResourceGrouping : Group for method errorHtml was basic-error-controller
2019-03-18 11:42:22.309  INFO 11272 --- [main] s.w.ClassOrApiAnnotationResourceGrouping : Group for method errorHtml was basic-error-controller
2019-03-18 11:42:22.321  INFO 11272 --- [main] s.d.schema.ModelContextKeyGenerator      : Cache Key Generated: fz.fxq.casecore.vo.LoginReqVO(false)
2019-03-18 11:42:22.321  INFO 11272 --- [main] s.d.spring.web.caching.CachingAspect     : Caching aspect applied for cache models with key fz.fxq.casecore.vo.LoginReqVO(false)
2019-03-18 11:42:22.321  INFO 11272 --- [main] s.d.s.p.ModelPropertiesKeyGenerator      : Cache key generated: fz.fxq.casecore.vo.LoginReqVO(false)
2019-03-18 11:42:22.321  INFO 11272 --- [main] s.d.spring.web.caching.CachingAspect     : Caching aspect applied for cache modelProperties with key fz.fxq.casecore.vo.LoginReqVO(false)
2019-03-18 11:42:22.327  INFO 11272 --- [main] s.d.schema.ModelContextKeyGenerator      : Cache Key Generated: fz.fxq.casecore.vo.LoginReqVO(false)
2019-03-18 11:42:22.327  INFO 11272 --- [main] s.d.spring.web.caching.CachingAspect     : Caching aspect applied for cache modelDependencies with key fz.fxq.casecore.vo.LoginReqVO(false)
2019-03-18 11:42:22.327  INFO 11272 --- [main] s.d.s.p.ModelPropertiesKeyGenerator      : Cache key generated: fz.fxq.casecore.vo.LoginReqVO(false)
2019-03-18 11:42:22.327  INFO 11272 --- [main] s.d.spring.web.caching.CachingAspect     : Caching aspect applied for cache modelProperties with key fz.fxq.casecore.vo.LoginReqVO(false)
2019-03-18 11:42:22.328  INFO 11272 --- [main] s.d.schema.ModelContextKeyGenerator      : Cache Key Generated: fz.fxq.casecore.vo.LoginResultVO(true)
2019-03-18 11:42:22.328  INFO 11272 --- [main] s.d.spring.web.caching.CachingAspect     : Caching aspect applied for cache models with key fz.fxq.casecore.vo.LoginResultVO(true)
2019-03-18 11:42:22.328  INFO 11272 --- [main] s.d.s.p.ModelPropertiesKeyGenerator      : Cache key generated: fz.fxq.casecore.vo.LoginResultVO(true)
2019-03-18 11:42:22.328  INFO 11272 --- [main] s.d.spring.web.caching.CachingAspect     : Caching aspect applied for cache modelProperties with key fz.fxq.casecore.vo.LoginResultVO(true)
2019-03-18 11:42:22.329  INFO 11272 --- [main] s.d.schema.ModelContextKeyGenerator      : Cache Key Generated: fz.fxq.casecore.vo.LoginResultVO(true)
2019-03-18 11:42:22.329  INFO 11272 --- [main] s.d.spring.web.caching.CachingAspect     : Caching aspect applied for cache modelDependencies with key fz.fxq.casecore.vo.LoginResultVO(true)
2019-03-18 11:42:22.329  INFO 11272 --- [main] s.d.s.p.ModelPropertiesKeyGenerator      : Cache key generated: fz.fxq.casecore.vo.LoginResultVO(true)
2019-03-18 11:42:22.329  INFO 11272 --- [main] s.d.spring.web.caching.CachingAspect     : Caching aspect applied for cache modelProperties with key fz.fxq.casecore.vo.LoginResultVO(true)
2019-03-18 11:42:22.329  INFO 11272 --- [main] s.d.spring.web.OperationsKeyGenerator    : Cache key generated: /login/submit/mybatis.fz.fxq.casecore.controller.LoginController.loginMybatis.DefaultGenericTypeNamingStrategy
2019-03-18 11:42:22.329  INFO 11272 --- [main] s.d.spring.web.caching.CachingAspect     : Caching aspect applied for cache operations with key /login/submit/mybatis.fz.fxq.casecore.controller.LoginController.loginMybatis.DefaultGenericTypeNamingStrategy
2019-03-18 11:42:22.334  INFO 11272 --- [main] s.w.ClassOrApiAnnotationResourceGrouping : Group for method loginMybatis was 用户登录
2019-03-18 11:42:22.335  INFO 11272 --- [main] s.w.ClassOrApiAnnotationResourceGrouping : Group for method loginMybatis was 用户登录
2019-03-18 11:42:22.337  INFO 11272 --- [main] s.d.schema.ModelContextKeyGenerator      : Cache Key Generated: fz.fxq.casecore.vo.LoginReqVO(false)
2019-03-18 11:42:22.337  INFO 11272 --- [main] s.d.spring.web.caching.CachingAspect     : Caching aspect applied for cache models with key fz.fxq.casecore.vo.LoginReqVO(false)
2019-03-18 11:42:22.338  INFO 11272 --- [main] s.d.schema.ModelContextKeyGenerator      : Cache Key Generated: fz.fxq.casecore.vo.LoginReqVO(false)
2019-03-18 11:42:22.338  INFO 11272 --- [main] s.d.spring.web.caching.CachingAspect     : Caching aspect applied for cache modelDependencies with key fz.fxq.casecore.vo.LoginReqVO(false)
2019-03-18 11:42:22.338  INFO 11272 --- [main] s.d.schema.ModelContextKeyGenerator      : Cache Key Generated: fz.fxq.casecore.vo.LoginResultVO(true)
2019-03-18 11:42:22.338  INFO 11272 --- [main] s.d.spring.web.caching.CachingAspect     : Caching aspect applied for cache models with key fz.fxq.casecore.vo.LoginResultVO(true)
2019-03-18 11:42:22.338  INFO 11272 --- [main] s.d.schema.ModelContextKeyGenerator      : Cache Key Generated: fz.fxq.casecore.vo.LoginResultVO(true)
2019-03-18 11:42:22.338  INFO 11272 --- [main] s.d.spring.web.caching.CachingAspect     : Caching aspect applied for cache modelDependencies with key fz.fxq.casecore.vo.LoginResultVO(true)
2019-03-18 11:42:22.338  INFO 11272 --- [main] s.d.spring.web.OperationsKeyGenerator    : Cache key generated: /login/submit/oracle.fz.fxq.casecore.controller.LoginController.loginOracle.DefaultGenericTypeNamingStrategy
2019-03-18 11:42:22.338  INFO 11272 --- [main] s.d.spring.web.caching.CachingAspect     : Caching aspect applied for cache operations with key /login/submit/oracle.fz.fxq.casecore.controller.LoginController.loginOracle.DefaultGenericTypeNamingStrategy
2019-03-18 11:42:22.339  INFO 11272 --- [main] s.w.ClassOrApiAnnotationResourceGrouping : Group for method loginOracle was 用户登录
2019-03-18 11:42:22.340  INFO 11272 --- [main] s.w.ClassOrApiAnnotationResourceGrouping : Group for method loginOracle was 用户登录
2019-03-18 11:42:22.341  INFO 11272 --- [main] s.d.schema.ModelContextKeyGenerator      : Cache Key Generated: fz.fxq.casecore.vo.LoginReqVO(false)
2019-03-18 11:42:22.341  INFO 11272 --- [main] s.d.spring.web.caching.CachingAspect     : Caching aspect applied for cache models with key fz.fxq.casecore.vo.LoginReqVO(false)
2019-03-18 11:42:22.341  INFO 11272 --- [main] s.d.schema.ModelContextKeyGenerator      : Cache Key Generated: fz.fxq.casecore.vo.LoginReqVO(false)
2019-03-18 11:42:22.341  INFO 11272 --- [main] s.d.spring.web.caching.CachingAspect     : Caching aspect applied for cache modelDependencies with key fz.fxq.casecore.vo.LoginReqVO(false)
2019-03-18 11:42:22.341  INFO 11272 --- [main] s.d.schema.ModelContextKeyGenerator      : Cache Key Generated: fz.fxq.casecore.vo.LoginResultVO(true)
2019-03-18 11:42:22.341  INFO 11272 --- [main] s.d.spring.web.caching.CachingAspect     : Caching aspect applied for cache models with key fz.fxq.casecore.vo.LoginResultVO(true)
2019-03-18 11:42:22.342  INFO 11272 --- [main] s.d.schema.ModelContextKeyGenerator      : Cache Key Generated: fz.fxq.casecore.vo.LoginResultVO(true)
2019-03-18 11:42:22.342  INFO 11272 --- [main] s.d.spring.web.caching.CachingAspect     : Caching aspect applied for cache modelDependencies with key fz.fxq.casecore.vo.LoginResultVO(true)
2019-03-18 11:42:22.342  INFO 11272 --- [main] s.d.spring.web.OperationsKeyGenerator    : Cache key generated: /login/submit/redis.fz.fxq.casecore.controller.LoginController.loginRedis.DefaultGenericTypeNamingStrategy
2019-03-18 11:42:22.342  INFO 11272 --- [main] s.d.spring.web.caching.CachingAspect     : Caching aspect applied for cache operations with key /login/submit/redis.fz.fxq.casecore.controller.LoginController.loginRedis.DefaultGenericTypeNamingStrategy
2019-03-18 11:42:22.344  INFO 11272 --- [main] s.w.ClassOrApiAnnotationResourceGrouping : Group for method loginRedis was 用户登录
2019-03-18 11:42:22.345  INFO 11272 --- [main] s.w.ClassOrApiAnnotationResourceGrouping : Group for method loginRedis was 用户登录
2019-03-18 11:42:22.386  INFO 11272 --- [main] o.s.b.w.embedded.tomcat.TomcatWebServer  : Tomcat started on port(s): 8080 (http) with context path ''
2019-03-18 11:42:22.392  INFO 11272 --- [main] fz.fxq.casecore.CasecoreApplication      : Started CasecoreApplication in 4.221 seconds (JVM running for 5.24)
2019-03-18 11:42:22.396  INFO 11272 --- [main] fz.fxq.casecore.CasecoreApplication      : --------------------------
2019-03-18 11:42:22.396  INFO 11272 --- [main] fz.fxq.casecore.CasecoreApplication      : ------Start Success-------
2019-03-18 11:42:22.396  INFO 11272 --- [main] fz.fxq.casecore.CasecoreApplication      : --------------------------
2019-03-18 11:43:30.421  INFO 11272 --- [http-nio-8080-exec-1] o.a.c.c.C.[Tomcat].[localhost].[/]       : Initializing Spring DispatcherServlet 'dispatcherServlet'
2019-03-18 11:43:30.421  INFO 11272 --- [http-nio-8080-exec-1] o.s.web.servlet.DispatcherServlet        : Initializing Servlet 'dispatcherServlet'
2019-03-18 11:43:30.431  INFO 11272 --- [http-nio-8080-exec-1] o.s.web.servlet.DispatcherServlet        : Completed initialization in 9 ms
2019-03-18 11:43:30.505  INFO 11272 --- [http-nio-8080-exec-1] f.f.casecore.controller.LoginController  : loginOracle,loginReqVO[userId[201806130489234]userPwd[2]]
2019-03-18 11:43:30.516  INFO 11272 --- [http-nio-8080-exec-1] com.zaxxer.hikari.HikariDataSource       : HikariPool-1 - Starting...
2019-03-18 11:43:30.829  INFO 11272 --- [http-nio-8080-exec-1] com.zaxxer.hikari.pool.PoolBase          : HikariPool-1 - Driver does not support get/set network timeout for connections. (oracle.jdbc.driver.T4CConnection.getNetworkTimeout()I)
2019-03-18 11:43:30.834  INFO 11272 --- [http-nio-8080-exec-1] com.zaxxer.hikari.HikariDataSource       : HikariPool-1 - Start completed.
2019-03-18 11:43:31.314  INFO 11272 --- [http-nio-8080-exec-1] f.f.c.service.impl.LoginServiceImpl      : userPOList,size[7434]
2019-03-18 11:43:31.360  INFO 11272 --- [http-nio-8080-exec-1] f.f.c.service.impl.LoginServiceImpl      : userPO,UserName[阮永炽]
2019-03-18 11:44:31.378  INFO 10908 --- [main] fz.fxq.casecore.CasecoreApplication      : Starting CasecoreApplication on DESKTOP-S74CRI5 with PID 10908 (D:\IdeaWorkspace\casecore\target\classes started by Administrator in D:\IdeaWorkspace\casecore)
2019-03-18 11:44:31.382  INFO 10908 --- [main] fz.fxq.casecore.CasecoreApplication      : No active profile set, falling back to default profiles: default
2019-03-18 11:44:32.609  INFO 10908 --- [main] .s.d.r.c.RepositoryConfigurationDelegate : Multiple Spring Data modules found, entering strict repository configuration mode!
2019-03-18 11:44:32.612  INFO 10908 --- [main] .s.d.r.c.RepositoryConfigurationDelegate : Bootstrapping Spring Data repositories in DEFAULT mode.
2019-03-18 11:44:32.654  INFO 10908 --- [main] .s.d.r.c.RepositoryConfigurationDelegate : Finished Spring Data repository scanning in 20ms. Found 0 repository interfaces.
2019-03-18 11:44:33.024  INFO 10908 --- [main] trationDelegate$BeanPostProcessorChecker : Bean 'org.springframework.transaction.annotation.ProxyTransactionManagementConfiguration' of type [org.springframework.transaction.annotation.ProxyTransactionManagementConfiguration$$EnhancerBySpringCGLIB$$b6b73649] is not eligible for getting processed by all BeanPostProcessors (for example: not eligible for auto-proxying)
2019-03-18 11:44:33.112  INFO 10908 --- [main] trationDelegate$BeanPostProcessorChecker : Bean 'org.springframework.hateoas.config.HateoasConfiguration' of type [org.springframework.hateoas.config.HateoasConfiguration$$EnhancerBySpringCGLIB$$3637837b] is not eligible for getting processed by all BeanPostProcessors (for example: not eligible for auto-proxying)
2019-03-18 11:44:33.393  INFO 10908 --- [main] o.s.b.w.embedded.tomcat.TomcatWebServer  : Tomcat initialized with port(s): 8080 (http)
2019-03-18 11:44:33.414  INFO 10908 --- [main] o.apache.catalina.core.StandardService   : Starting service [Tomcat]
2019-03-18 11:44:33.415  INFO 10908 --- [main] org.apache.catalina.core.StandardEngine  : Starting Servlet engine: [Apache Tomcat/9.0.16]
2019-03-18 11:44:33.421  INFO 10908 --- [main] o.a.catalina.core.AprLifecycleListener   : The APR based Apache Tomcat Native library which allows optimal performance in production environments was not found on the java.library.path: [D:\Program Files\Java\jdk1.8.0_191\bin;C:\Windows\Sun\Java\bin;C:\Windows\system32;C:\Windows;D:\oracle\app\Administrator\product\11.2.0\dbhome_1\bin;C:\Program Files (x86)\Common Files\Oracle\Java\javapath;C:\Windows\system32;C:\Windows;C:\Windows\System32\Wbem;C:\Windows\System32\WindowsPowerShell\v1.0\;C:\Windows\System32\OpenSSH\;D:\Program Files\Git\cmd;D:\Program Files\nodejs\;C:\Users\Administrator\AppData\Local\Microsoft\WindowsApps;D:\Program Files\Java\jdk1.8.0_191\bin;"D:\Program Files\Java\jdk1.8.0_191\jre\bin;";D:\Program Files\apache-maven-3.6.0\bin;C:\Users\Administrator\AppData\Roaming\npm;D:\Program Files\nodejs;;.]
2019-03-18 11:44:33.531  INFO 10908 --- [main] o.a.c.c.C.[Tomcat].[localhost].[/]       : Initializing Spring embedded WebApplicationContext
2019-03-18 11:44:33.531  INFO 10908 --- [main] o.s.web.context.ContextLoader            : Root WebApplicationContext: initialization completed in 2084 ms
2019-03-18 11:44:34.441  INFO 10908 --- [main] o.s.s.concurrent.ThreadPoolTaskExecutor  : Initializing ExecutorService 'applicationTaskExecutor'
2019-03-18 11:44:34.751  INFO 10908 --- [main] d.s.w.p.DocumentationPluginsBootstrapper : Context refreshed
2019-03-18 11:44:34.768  INFO 10908 --- [main] d.s.w.p.DocumentationPluginsBootstrapper : Found {0} custom documentation plugin(s)
2019-03-18 11:44:34.778  INFO 10908 --- [main] s.d.s.w.s.ApiListingReferenceScanner     : Scanning for api listing references
2019-03-18 11:44:34.781  INFO 10908 --- [main] s.w.ClassOrApiAnnotationResourceGrouping : Group for method error was basic-error-controller
2019-03-18 11:44:34.783  INFO 10908 --- [main] s.d.s.w.s.ApiListingReferenceScanner     : Request mapping: error belongs to groups: [[ResourceGroup{groupName='basic-error-controller', position=0, controller=org.springframework.boot.autoconfigure.web.servlet.error.BasicErrorController}]] 
2019-03-18 11:44:34.785  INFO 10908 --- [main] s.w.ClassOrApiAnnotationResourceGrouping : Group for method errorHtml was basic-error-controller
2019-03-18 11:44:34.785  INFO 10908 --- [main] s.d.s.w.s.ApiListingReferenceScanner     : Request mapping: errorHtml belongs to groups: [[ResourceGroup{groupName='basic-error-controller', position=0, controller=org.springframework.boot.autoconfigure.web.servlet.error.BasicErrorController}]] 
2019-03-18 11:44:34.786  INFO 10908 --- [main] s.w.ClassOrApiAnnotationResourceGrouping : Group for method loginMybatis was 用户登录
2019-03-18 11:44:34.787  INFO 10908 --- [main] s.d.s.w.s.ApiListingReferenceScanner     : Request mapping: loginMybatis belongs to groups: [[ResourceGroup{groupName='用户登录', position=0, controller=fz.fxq.casecore.controller.LoginController}]] 
2019-03-18 11:44:34.787  INFO 10908 --- [main] s.w.ClassOrApiAnnotationResourceGrouping : Group for method loginOracle was 用户登录
2019-03-18 11:44:34.787  INFO 10908 --- [main] s.d.s.w.s.ApiListingReferenceScanner     : Request mapping: loginOracle belongs to groups: [[ResourceGroup{groupName='用户登录', position=0, controller=fz.fxq.casecore.controller.LoginController}]] 
2019-03-18 11:44:34.787  INFO 10908 --- [main] s.w.ClassOrApiAnnotationResourceGrouping : Group for method loginRedis was 用户登录
2019-03-18 11:44:34.787  INFO 10908 --- [main] s.d.s.w.s.ApiListingReferenceScanner     : Request mapping: loginRedis belongs to groups: [[ResourceGroup{groupName='用户登录', position=0, controller=fz.fxq.casecore.controller.LoginController}]] 
2019-03-18 11:44:34.793  INFO 10908 --- [main] s.d.s.w.s.ApiListingReferenceScanner     : Created resource listing Path: /default/basic-error-controller Description: basic-error-controller Position: 0
2019-03-18 11:44:34.795  INFO 10908 --- [main] s.d.s.w.s.ApiListingReferenceScanner     : Created resource listing Path: /default/用户登录 Description: 用户登录 Position: 0
2019-03-18 11:44:34.814  INFO 10908 --- [main] s.d.schema.ModelContextKeyGenerator      : Cache Key Generated: java.util.Map<java.lang.String,java.lang.Object>(true)
2019-03-18 11:44:34.814  INFO 10908 --- [main] s.d.spring.web.caching.CachingAspect     : Caching aspect applied for cache models with key java.util.Map<java.lang.String,java.lang.Object>(true)
2019-03-18 11:44:34.820  INFO 10908 --- [main] s.d.schema.ModelContextKeyGenerator      : Cache Key Generated: java.util.Map<java.lang.String,java.lang.Object>(true)
2019-03-18 11:44:34.820  INFO 10908 --- [main] s.d.spring.web.caching.CachingAspect     : Caching aspect applied for cache modelDependencies with key java.util.Map<java.lang.String,java.lang.Object>(true)
2019-03-18 11:44:34.839  INFO 10908 --- [main] s.d.spring.web.OperationsKeyGenerator    : Cache key generated: /error.org.springframework.boot.autoconfigure.web.servlet.error.BasicErrorController.error.DefaultGenericTypeNamingStrategy
2019-03-18 11:44:34.839  INFO 10908 --- [main] s.d.spring.web.caching.CachingAspect     : Caching aspect applied for cache operations with key /error.org.springframework.boot.autoconfigure.web.servlet.error.BasicErrorController.error.DefaultGenericTypeNamingStrategy
2019-03-18 11:44:34.847  INFO 10908 --- [main] s.w.ClassOrApiAnnotationResourceGrouping : Group for method error was basic-error-controller
2019-03-18 11:44:34.850  INFO 10908 --- [main] s.w.ClassOrApiAnnotationResourceGrouping : Group for method error was basic-error-controller
2019-03-18 11:44:34.853  INFO 10908 --- [main] s.w.ClassOrApiAnnotationResourceGrouping : Group for method error was basic-error-controller
2019-03-18 11:44:34.854  INFO 10908 --- [main] s.w.ClassOrApiAnnotationResourceGrouping : Group for method error was basic-error-controller
2019-03-18 11:44:34.855  INFO 10908 --- [main] s.w.ClassOrApiAnnotationResourceGrouping : Group for method error was basic-error-controller
2019-03-18 11:44:34.855  INFO 10908 --- [main] s.w.ClassOrApiAnnotationResourceGrouping : Group for method error was basic-error-controller
2019-03-18 11:44:34.856  INFO 10908 --- [main] s.w.ClassOrApiAnnotationResourceGrouping : Group for method error was basic-error-controller
2019-03-18 11:44:34.857  INFO 10908 --- [main] s.w.ClassOrApiAnnotationResourceGrouping : Group for method error was basic-error-controller
2019-03-18 11:44:34.858  INFO 10908 --- [main] s.w.ClassOrApiAnnotationResourceGrouping : Group for method error was basic-error-controller
2019-03-18 11:44:34.858  INFO 10908 --- [main] s.w.ClassOrApiAnnotationResourceGrouping : Group for method error was basic-error-controller
2019-03-18 11:44:34.859  INFO 10908 --- [main] s.w.ClassOrApiAnnotationResourceGrouping : Group for method error was basic-error-controller
2019-03-18 11:44:34.860  INFO 10908 --- [main] s.w.ClassOrApiAnnotationResourceGrouping : Group for method error was basic-error-controller
2019-03-18 11:44:34.861  INFO 10908 --- [main] s.w.ClassOrApiAnnotationResourceGrouping : Group for method error was basic-error-controller
2019-03-18 11:44:34.861  INFO 10908 --- [main] s.w.ClassOrApiAnnotationResourceGrouping : Group for method error was basic-error-controller
2019-03-18 11:44:34.862  INFO 10908 --- [main] s.w.ClassOrApiAnnotationResourceGrouping : Group for method error was basic-error-controller
2019-03-18 11:44:34.863  INFO 10908 --- [main] s.w.ClassOrApiAnnotationResourceGrouping : Group for method error was basic-error-controller
2019-03-18 11:44:34.866  INFO 10908 --- [main] s.d.schema.ModelContextKeyGenerator      : Cache Key Generated: org.springframework.web.servlet.ModelAndView(true)
2019-03-18 11:44:34.866  INFO 10908 --- [main] s.d.spring.web.caching.CachingAspect     : Caching aspect applied for cache models with key org.springframework.web.servlet.ModelAndView(true)
2019-03-18 11:44:34.867  INFO 10908 --- [main] s.d.s.p.ModelPropertiesKeyGenerator      : Cache key generated: org.springframework.web.servlet.ModelAndView(true)
2019-03-18 11:44:34.867  INFO 10908 --- [main] s.d.spring.web.caching.CachingAspect     : Caching aspect applied for cache modelProperties with key org.springframework.web.servlet.ModelAndView(true)
2019-03-18 11:44:34.900  INFO 10908 --- [main] s.d.schema.ModelContextKeyGenerator      : Cache Key Generated: org.springframework.web.servlet.ModelAndView(true)
2019-03-18 11:44:34.900  INFO 10908 --- [main] s.d.spring.web.caching.CachingAspect     : Caching aspect applied for cache modelDependencies with key org.springframework.web.servlet.ModelAndView(true)
2019-03-18 11:44:34.901  INFO 10908 --- [main] s.d.s.p.ModelPropertiesKeyGenerator      : Cache key generated: org.springframework.web.servlet.ModelAndView(true)
2019-03-18 11:44:34.901  INFO 10908 --- [main] s.d.spring.web.caching.CachingAspect     : Caching aspect applied for cache modelProperties with key org.springframework.web.servlet.ModelAndView(true)
2019-03-18 11:44:34.901  INFO 10908 --- [main] s.d.s.p.ModelPropertiesKeyGenerator      : Cache key generated: org.springframework.web.servlet.View(true)
2019-03-18 11:44:34.902  INFO 10908 --- [main] s.d.spring.web.caching.CachingAspect     : Caching aspect applied for cache modelProperties with key org.springframework.web.servlet.View(true)
2019-03-18 11:44:34.904  INFO 10908 --- [main] s.d.s.p.ModelPropertiesKeyGenerator      : Cache key generated: org.springframework.web.servlet.View(true)
2019-03-18 11:44:34.904  INFO 10908 --- [main] s.d.spring.web.caching.CachingAspect     : Caching aspect applied for cache modelProperties with key org.springframework.web.servlet.View(true)
2019-03-18 11:44:34.905  INFO 10908 --- [main] s.d.spring.web.OperationsKeyGenerator    : Cache key generated: /error.org.springframework.boot.autoconfigure.web.servlet.error.BasicErrorController.errorHtml.DefaultGenericTypeNamingStrategy
2019-03-18 11:44:34.905  INFO 10908 --- [main] s.d.spring.web.caching.CachingAspect     : Caching aspect applied for cache operations with key /error.org.springframework.boot.autoconfigure.web.servlet.error.BasicErrorController.errorHtml.DefaultGenericTypeNamingStrategy
2019-03-18 11:44:34.906  INFO 10908 --- [main] s.w.ClassOrApiAnnotationResourceGrouping : Group for method errorHtml was basic-error-controller
2019-03-18 11:44:34.906  INFO 10908 --- [main] s.w.ClassOrApiAnnotationResourceGrouping : Group for method errorHtml was basic-error-controller
2019-03-18 11:44:34.907  INFO 10908 --- [main] s.w.ClassOrApiAnnotationResourceGrouping : Group for method errorHtml was basic-error-controller
2019-03-18 11:44:34.907  INFO 10908 --- [main] s.w.ClassOrApiAnnotationResourceGrouping : Group for method errorHtml was basic-error-controller
2019-03-18 11:44:34.908  INFO 10908 --- [main] s.w.ClassOrApiAnnotationResourceGrouping : Group for method errorHtml was basic-error-controller
2019-03-18 11:44:34.908  INFO 10908 --- [main] s.w.ClassOrApiAnnotationResourceGrouping : Group for method errorHtml was basic-error-controller
2019-03-18 11:44:34.909  INFO 10908 --- [main] s.w.ClassOrApiAnnotationResourceGrouping : Group for method errorHtml was basic-error-controller
2019-03-18 11:44:34.909  INFO 10908 --- [main] s.w.ClassOrApiAnnotationResourceGrouping : Group for method errorHtml was basic-error-controller
2019-03-18 11:44:34.910  INFO 10908 --- [main] s.w.ClassOrApiAnnotationResourceGrouping : Group for method errorHtml was basic-error-controller
2019-03-18 11:44:34.910  INFO 10908 --- [main] s.w.ClassOrApiAnnotationResourceGrouping : Group for method errorHtml was basic-error-controller
2019-03-18 11:44:34.911  INFO 10908 --- [main] s.w.ClassOrApiAnnotationResourceGrouping : Group for method errorHtml was basic-error-controller
2019-03-18 11:44:34.911  INFO 10908 --- [main] s.w.ClassOrApiAnnotationResourceGrouping : Group for method errorHtml was basic-error-controller
2019-03-18 11:44:34.912  INFO 10908 --- [main] s.w.ClassOrApiAnnotationResourceGrouping : Group for method errorHtml was basic-error-controller
2019-03-18 11:44:34.912  INFO 10908 --- [main] s.w.ClassOrApiAnnotationResourceGrouping : Group for method errorHtml was basic-error-controller
2019-03-18 11:44:34.913  INFO 10908 --- [main] s.w.ClassOrApiAnnotationResourceGrouping : Group for method errorHtml was basic-error-controller
2019-03-18 11:44:34.913  INFO 10908 --- [main] s.w.ClassOrApiAnnotationResourceGrouping : Group for method errorHtml was basic-error-controller
2019-03-18 11:44:34.925  INFO 10908 --- [main] s.d.schema.ModelContextKeyGenerator      : Cache Key Generated: fz.fxq.casecore.vo.LoginReqVO(false)
2019-03-18 11:44:34.925  INFO 10908 --- [main] s.d.spring.web.caching.CachingAspect     : Caching aspect applied for cache models with key fz.fxq.casecore.vo.LoginReqVO(false)
2019-03-18 11:44:34.926  INFO 10908 --- [main] s.d.s.p.ModelPropertiesKeyGenerator      : Cache key generated: fz.fxq.casecore.vo.LoginReqVO(false)
2019-03-18 11:44:34.926  INFO 10908 --- [main] s.d.spring.web.caching.CachingAspect     : Caching aspect applied for cache modelProperties with key fz.fxq.casecore.vo.LoginReqVO(false)
2019-03-18 11:44:34.931  INFO 10908 --- [main] s.d.schema.ModelContextKeyGenerator      : Cache Key Generated: fz.fxq.casecore.vo.LoginReqVO(false)
2019-03-18 11:44:34.931  INFO 10908 --- [main] s.d.spring.web.caching.CachingAspect     : Caching aspect applied for cache modelDependencies with key fz.fxq.casecore.vo.LoginReqVO(false)
2019-03-18 11:44:34.931  INFO 10908 --- [main] s.d.s.p.ModelPropertiesKeyGenerator      : Cache key generated: fz.fxq.casecore.vo.LoginReqVO(false)
2019-03-18 11:44:34.931  INFO 10908 --- [main] s.d.spring.web.caching.CachingAspect     : Caching aspect applied for cache modelProperties with key fz.fxq.casecore.vo.LoginReqVO(false)
2019-03-18 11:44:34.931  INFO 10908 --- [main] s.d.schema.ModelContextKeyGenerator      : Cache Key Generated: fz.fxq.casecore.vo.LoginResultVO(true)
2019-03-18 11:44:34.931  INFO 10908 --- [main] s.d.spring.web.caching.CachingAspect     : Caching aspect applied for cache models with key fz.fxq.casecore.vo.LoginResultVO(true)
2019-03-18 11:44:34.931  INFO 10908 --- [main] s.d.s.p.ModelPropertiesKeyGenerator      : Cache key generated: fz.fxq.casecore.vo.LoginResultVO(true)
2019-03-18 11:44:34.931  INFO 10908 --- [main] s.d.spring.web.caching.CachingAspect     : Caching aspect applied for cache modelProperties with key fz.fxq.casecore.vo.LoginResultVO(true)
2019-03-18 11:44:34.932  INFO 10908 --- [main] s.d.schema.ModelContextKeyGenerator      : Cache Key Generated: fz.fxq.casecore.vo.LoginResultVO(true)
2019-03-18 11:44:34.932  INFO 10908 --- [main] s.d.spring.web.caching.CachingAspect     : Caching aspect applied for cache modelDependencies with key fz.fxq.casecore.vo.LoginResultVO(true)
2019-03-18 11:44:34.932  INFO 10908 --- [main] s.d.s.p.ModelPropertiesKeyGenerator      : Cache key generated: fz.fxq.casecore.vo.LoginResultVO(true)
2019-03-18 11:44:34.932  INFO 10908 --- [main] s.d.spring.web.caching.CachingAspect     : Caching aspect applied for cache modelProperties with key fz.fxq.casecore.vo.LoginResultVO(true)
2019-03-18 11:44:34.933  INFO 10908 --- [main] s.d.spring.web.OperationsKeyGenerator    : Cache key generated: /login/submit/mybatis.fz.fxq.casecore.controller.LoginController.loginMybatis.DefaultGenericTypeNamingStrategy
2019-03-18 11:44:34.933  INFO 10908 --- [main] s.d.spring.web.caching.CachingAspect     : Caching aspect applied for cache operations with key /login/submit/mybatis.fz.fxq.casecore.controller.LoginController.loginMybatis.DefaultGenericTypeNamingStrategy
2019-03-18 11:44:34.938  INFO 10908 --- [main] s.w.ClassOrApiAnnotationResourceGrouping : Group for method loginMybatis was 用户登录
2019-03-18 11:44:34.939  INFO 10908 --- [main] s.w.ClassOrApiAnnotationResourceGrouping : Group for method loginMybatis was 用户登录
2019-03-18 11:44:34.941  INFO 10908 --- [main] s.d.schema.ModelContextKeyGenerator      : Cache Key Generated: fz.fxq.casecore.vo.LoginReqVO(false)
2019-03-18 11:44:34.941  INFO 10908 --- [main] s.d.spring.web.caching.CachingAspect     : Caching aspect applied for cache models with key fz.fxq.casecore.vo.LoginReqVO(false)
2019-03-18 11:44:34.942  INFO 10908 --- [main] s.d.schema.ModelContextKeyGenerator      : Cache Key Generated: fz.fxq.casecore.vo.LoginReqVO(false)
2019-03-18 11:44:34.942  INFO 10908 --- [main] s.d.spring.web.caching.CachingAspect     : Caching aspect applied for cache modelDependencies with key fz.fxq.casecore.vo.LoginReqVO(false)
2019-03-18 11:44:34.942  INFO 10908 --- [main] s.d.schema.ModelContextKeyGenerator      : Cache Key Generated: fz.fxq.casecore.vo.LoginResultVO(true)
2019-03-18 11:44:34.942  INFO 10908 --- [main] s.d.spring.web.caching.CachingAspect     : Caching aspect applied for cache models with key fz.fxq.casecore.vo.LoginResultVO(true)
2019-03-18 11:44:34.942  INFO 10908 --- [main] s.d.schema.ModelContextKeyGenerator      : Cache Key Generated: fz.fxq.casecore.vo.LoginResultVO(true)
2019-03-18 11:44:34.942  INFO 10908 --- [main] s.d.spring.web.caching.CachingAspect     : Caching aspect applied for cache modelDependencies with key fz.fxq.casecore.vo.LoginResultVO(true)
2019-03-18 11:44:34.942  INFO 10908 --- [main] s.d.spring.web.OperationsKeyGenerator    : Cache key generated: /login/submit/oracle.fz.fxq.casecore.controller.LoginController.loginOracle.DefaultGenericTypeNamingStrategy
2019-03-18 11:44:34.942  INFO 10908 --- [main] s.d.spring.web.caching.CachingAspect     : Caching aspect applied for cache operations with key /login/submit/oracle.fz.fxq.casecore.controller.LoginController.loginOracle.DefaultGenericTypeNamingStrategy
2019-03-18 11:44:34.943  INFO 10908 --- [main] s.w.ClassOrApiAnnotationResourceGrouping : Group for method loginOracle was 用户登录
2019-03-18 11:44:34.944  INFO 10908 --- [main] s.w.ClassOrApiAnnotationResourceGrouping : Group for method loginOracle was 用户登录
2019-03-18 11:44:34.945  INFO 10908 --- [main] s.d.schema.ModelContextKeyGenerator      : Cache Key Generated: fz.fxq.casecore.vo.LoginReqVO(false)
2019-03-18 11:44:34.945  INFO 10908 --- [main] s.d.spring.web.caching.CachingAspect     : Caching aspect applied for cache models with key fz.fxq.casecore.vo.LoginReqVO(false)
2019-03-18 11:44:34.945  INFO 10908 --- [main] s.d.schema.ModelContextKeyGenerator      : Cache Key Generated: fz.fxq.casecore.vo.LoginReqVO(false)
2019-03-18 11:44:34.945  INFO 10908 --- [main] s.d.spring.web.caching.CachingAspect     : Caching aspect applied for cache modelDependencies with key fz.fxq.casecore.vo.LoginReqVO(false)
2019-03-18 11:44:34.945  INFO 10908 --- [main] s.d.schema.ModelContextKeyGenerator      : Cache Key Generated: fz.fxq.casecore.vo.LoginResultVO(true)
2019-03-18 11:44:34.945  INFO 10908 --- [main] s.d.spring.web.caching.CachingAspect     : Caching aspect applied for cache models with key fz.fxq.casecore.vo.LoginResultVO(true)
2019-03-18 11:44:34.946  INFO 10908 --- [main] s.d.schema.ModelContextKeyGenerator      : Cache Key Generated: fz.fxq.casecore.vo.LoginResultVO(true)
2019-03-18 11:44:34.946  INFO 10908 --- [main] s.d.spring.web.caching.CachingAspect     : Caching aspect applied for cache modelDependencies with key fz.fxq.casecore.vo.LoginResultVO(true)
2019-03-18 11:44:34.946  INFO 10908 --- [main] s.d.spring.web.OperationsKeyGenerator    : Cache key generated: /login/submit/redis.fz.fxq.casecore.controller.LoginController.loginRedis.DefaultGenericTypeNamingStrategy
2019-03-18 11:44:34.946  INFO 10908 --- [main] s.d.spring.web.caching.CachingAspect     : Caching aspect applied for cache operations with key /login/submit/redis.fz.fxq.casecore.controller.LoginController.loginRedis.DefaultGenericTypeNamingStrategy
2019-03-18 11:44:34.947  INFO 10908 --- [main] s.w.ClassOrApiAnnotationResourceGrouping : Group for method loginRedis was 用户登录
2019-03-18 11:44:34.948  INFO 10908 --- [main] s.w.ClassOrApiAnnotationResourceGrouping : Group for method loginRedis was 用户登录
2019-03-18 11:44:35.002  INFO 10908 --- [main] o.s.b.w.embedded.tomcat.TomcatWebServer  : Tomcat started on port(s): 8080 (http) with context path ''
2019-03-18 11:44:35.007  INFO 10908 --- [main] fz.fxq.casecore.CasecoreApplication      : Started CasecoreApplication in 4.132 seconds (JVM running for 5.242)
2019-03-18 11:44:35.011  INFO 10908 --- [main] fz.fxq.casecore.CasecoreApplication      : --------------------------
2019-03-18 11:44:35.012  INFO 10908 --- [main] fz.fxq.casecore.CasecoreApplication      : ------Start Success-------
2019-03-18 11:44:35.012  INFO 10908 --- [main] fz.fxq.casecore.CasecoreApplication      : --------------------------
2019-03-18 11:45:23.588  INFO 1120 --- [main] fz.fxq.casecore.CasecoreApplication      : Starting CasecoreApplication on DESKTOP-S74CRI5 with PID 1120 (D:\IdeaWorkspace\casecore\target\classes started by Administrator in D:\IdeaWorkspace\casecore)
2019-03-18 11:45:23.594  INFO 1120 --- [main] fz.fxq.casecore.CasecoreApplication      : No active profile set, falling back to default profiles: default
2019-03-18 11:45:24.788  INFO 1120 --- [main] .s.d.r.c.RepositoryConfigurationDelegate : Multiple Spring Data modules found, entering strict repository configuration mode!
2019-03-18 11:45:24.791  INFO 1120 --- [main] .s.d.r.c.RepositoryConfigurationDelegate : Bootstrapping Spring Data repositories in DEFAULT mode.
2019-03-18 11:45:24.829  INFO 1120 --- [main] .s.d.r.c.RepositoryConfigurationDelegate : Finished Spring Data repository scanning in 21ms. Found 0 repository interfaces.
2019-03-18 11:45:25.198  INFO 1120 --- [main] trationDelegate$BeanPostProcessorChecker : Bean 'org.springframework.transaction.annotation.ProxyTransactionManagementConfiguration' of type [org.springframework.transaction.annotation.ProxyTransactionManagementConfiguration$$EnhancerBySpringCGLIB$$d1ac3440] is not eligible for getting processed by all BeanPostProcessors (for example: not eligible for auto-proxying)
2019-03-18 11:45:25.287  INFO 1120 --- [main] trationDelegate$BeanPostProcessorChecker : Bean 'org.springframework.hateoas.config.HateoasConfiguration' of type [org.springframework.hateoas.config.HateoasConfiguration$$EnhancerBySpringCGLIB$$512c8172] is not eligible for getting processed by all BeanPostProcessors (for example: not eligible for auto-proxying)
2019-03-18 11:45:25.576  INFO 1120 --- [main] o.s.b.w.embedded.tomcat.TomcatWebServer  : Tomcat initialized with port(s): 8080 (http)
2019-03-18 11:45:25.597  INFO 1120 --- [main] o.apache.catalina.core.StandardService   : Starting service [Tomcat]
2019-03-18 11:45:25.597  INFO 1120 --- [main] org.apache.catalina.core.StandardEngine  : Starting Servlet engine: [Apache Tomcat/9.0.16]
2019-03-18 11:45:25.604  INFO 1120 --- [main] o.a.catalina.core.AprLifecycleListener   : The APR based Apache Tomcat Native library which allows optimal performance in production environments was not found on the java.library.path: [D:\Program Files\Java\jdk1.8.0_191\bin;C:\Windows\Sun\Java\bin;C:\Windows\system32;C:\Windows;D:\oracle\app\Administrator\product\11.2.0\dbhome_1\bin;C:\Program Files (x86)\Common Files\Oracle\Java\javapath;C:\Windows\system32;C:\Windows;C:\Windows\System32\Wbem;C:\Windows\System32\WindowsPowerShell\v1.0\;C:\Windows\System32\OpenSSH\;D:\Program Files\Git\cmd;D:\Program Files\nodejs\;C:\Users\Administrator\AppData\Local\Microsoft\WindowsApps;D:\Program Files\Java\jdk1.8.0_191\bin;"D:\Program Files\Java\jdk1.8.0_191\jre\bin;";D:\Program Files\apache-maven-3.6.0\bin;C:\Users\Administrator\AppData\Roaming\npm;D:\Program Files\nodejs;;.]
2019-03-18 11:45:25.716  INFO 1120 --- [main] o.a.c.c.C.[Tomcat].[localhost].[/]       : Initializing Spring embedded WebApplicationContext
2019-03-18 11:45:25.717  INFO 1120 --- [main] o.s.web.context.ContextLoader            : Root WebApplicationContext: initialization completed in 2042 ms
2019-03-18 11:45:26.631  INFO 1120 --- [main] o.s.s.concurrent.ThreadPoolTaskExecutor  : Initializing ExecutorService 'applicationTaskExecutor'
2019-03-18 11:45:26.959  INFO 1120 --- [main] d.s.w.p.DocumentationPluginsBootstrapper : Context refreshed
2019-03-18 11:45:26.983  INFO 1120 --- [main] d.s.w.p.DocumentationPluginsBootstrapper : Found {0} custom documentation plugin(s)
2019-03-18 11:45:26.991  INFO 1120 --- [main] s.d.s.w.s.ApiListingReferenceScanner     : Scanning for api listing references
2019-03-18 11:45:26.995  INFO 1120 --- [main] s.w.ClassOrApiAnnotationResourceGrouping : Group for method error was basic-error-controller
2019-03-18 11:45:26.997  INFO 1120 --- [main] s.d.s.w.s.ApiListingReferenceScanner     : Request mapping: error belongs to groups: [[ResourceGroup{groupName='basic-error-controller', position=0, controller=org.springframework.boot.autoconfigure.web.servlet.error.BasicErrorController}]] 
2019-03-18 11:45:26.998  INFO 1120 --- [main] s.w.ClassOrApiAnnotationResourceGrouping : Group for method errorHtml was basic-error-controller
2019-03-18 11:45:26.999  INFO 1120 --- [main] s.d.s.w.s.ApiListingReferenceScanner     : Request mapping: errorHtml belongs to groups: [[ResourceGroup{groupName='basic-error-controller', position=0, controller=org.springframework.boot.autoconfigure.web.servlet.error.BasicErrorController}]] 
2019-03-18 11:45:27.000  INFO 1120 --- [main] s.w.ClassOrApiAnnotationResourceGrouping : Group for method loginMybatis was 用户登录
2019-03-18 11:45:27.001  INFO 1120 --- [main] s.d.s.w.s.ApiListingReferenceScanner     : Request mapping: loginMybatis belongs to groups: [[ResourceGroup{groupName='用户登录', position=0, controller=fz.fxq.casecore.controller.LoginController}]] 
2019-03-18 11:45:27.001  INFO 1120 --- [main] s.w.ClassOrApiAnnotationResourceGrouping : Group for method loginOracle was 用户登录
2019-03-18 11:45:27.001  INFO 1120 --- [main] s.d.s.w.s.ApiListingReferenceScanner     : Request mapping: loginOracle belongs to groups: [[ResourceGroup{groupName='用户登录', position=0, controller=fz.fxq.casecore.controller.LoginController}]] 
2019-03-18 11:45:27.001  INFO 1120 --- [main] s.w.ClassOrApiAnnotationResourceGrouping : Group for method loginRedis was 用户登录
2019-03-18 11:45:27.001  INFO 1120 --- [main] s.d.s.w.s.ApiListingReferenceScanner     : Request mapping: loginRedis belongs to groups: [[ResourceGroup{groupName='用户登录', position=0, controller=fz.fxq.casecore.controller.LoginController}]] 
2019-03-18 11:45:27.007  INFO 1120 --- [main] s.d.s.w.s.ApiListingReferenceScanner     : Created resource listing Path: /default/basic-error-controller Description: basic-error-controller Position: 0
2019-03-18 11:45:27.008  INFO 1120 --- [main] s.d.s.w.s.ApiListingReferenceScanner     : Created resource listing Path: /default/用户登录 Description: 用户登录 Position: 0
2019-03-18 11:45:27.027  INFO 1120 --- [main] s.d.schema.ModelContextKeyGenerator      : Cache Key Generated: java.util.Map<java.lang.String,java.lang.Object>(true)
2019-03-18 11:45:27.027  INFO 1120 --- [main] s.d.spring.web.caching.CachingAspect     : Caching aspect applied for cache models with key java.util.Map<java.lang.String,java.lang.Object>(true)
2019-03-18 11:45:27.032  INFO 1120 --- [main] s.d.schema.ModelContextKeyGenerator      : Cache Key Generated: java.util.Map<java.lang.String,java.lang.Object>(true)
2019-03-18 11:45:27.032  INFO 1120 --- [main] s.d.spring.web.caching.CachingAspect     : Caching aspect applied for cache modelDependencies with key java.util.Map<java.lang.String,java.lang.Object>(true)
2019-03-18 11:45:27.036  INFO 1120 --- [main] s.d.spring.web.OperationsKeyGenerator    : Cache key generated: /error.org.springframework.boot.autoconfigure.web.servlet.error.BasicErrorController.error.DefaultGenericTypeNamingStrategy
2019-03-18 11:45:27.036  INFO 1120 --- [main] s.d.spring.web.caching.CachingAspect     : Caching aspect applied for cache operations with key /error.org.springframework.boot.autoconfigure.web.servlet.error.BasicErrorController.error.DefaultGenericTypeNamingStrategy
2019-03-18 11:45:27.045  INFO 1120 --- [main] s.w.ClassOrApiAnnotationResourceGrouping : Group for method error was basic-error-controller
2019-03-18 11:45:27.048  INFO 1120 --- [main] s.w.ClassOrApiAnnotationResourceGrouping : Group for method error was basic-error-controller
2019-03-18 11:45:27.051  INFO 1120 --- [main] s.w.ClassOrApiAnnotationResourceGrouping : Group for method error was basic-error-controller
2019-03-18 11:45:27.052  INFO 1120 --- [main] s.w.ClassOrApiAnnotationResourceGrouping : Group for method error was basic-error-controller
2019-03-18 11:45:27.053  INFO 1120 --- [main] s.w.ClassOrApiAnnotationResourceGrouping : Group for method error was basic-error-controller
2019-03-18 11:45:27.053  INFO 1120 --- [main] s.w.ClassOrApiAnnotationResourceGrouping : Group for method error was basic-error-controller
2019-03-18 11:45:27.054  INFO 1120 --- [main] s.w.ClassOrApiAnnotationResourceGrouping : Group for method error was basic-error-controller
2019-03-18 11:45:27.055  INFO 1120 --- [main] s.w.ClassOrApiAnnotationResourceGrouping : Group for method error was basic-error-controller
2019-03-18 11:45:27.056  INFO 1120 --- [main] s.w.ClassOrApiAnnotationResourceGrouping : Group for method error was basic-error-controller
2019-03-18 11:45:27.058  INFO 1120 --- [main] s.w.ClassOrApiAnnotationResourceGrouping : Group for method error was basic-error-controller
2019-03-18 11:45:27.058  INFO 1120 --- [main] s.w.ClassOrApiAnnotationResourceGrouping : Group for method error was basic-error-controller
2019-03-18 11:45:27.059  INFO 1120 --- [main] s.w.ClassOrApiAnnotationResourceGrouping : Group for method error was basic-error-controller
2019-03-18 11:45:27.060  INFO 1120 --- [main] s.w.ClassOrApiAnnotationResourceGrouping : Group for method error was basic-error-controller
2019-03-18 11:45:27.060  INFO 1120 --- [main] s.w.ClassOrApiAnnotationResourceGrouping : Group for method error was basic-error-controller
2019-03-18 11:45:27.061  INFO 1120 --- [main] s.w.ClassOrApiAnnotationResourceGrouping : Group for method error was basic-error-controller
2019-03-18 11:45:27.062  INFO 1120 --- [main] s.w.ClassOrApiAnnotationResourceGrouping : Group for method error was basic-error-controller
2019-03-18 11:45:27.066  INFO 1120 --- [main] s.d.schema.ModelContextKeyGenerator      : Cache Key Generated: org.springframework.web.servlet.ModelAndView(true)
2019-03-18 11:45:27.066  INFO 1120 --- [main] s.d.spring.web.caching.CachingAspect     : Caching aspect applied for cache models with key org.springframework.web.servlet.ModelAndView(true)
2019-03-18 11:45:27.067  INFO 1120 --- [main] s.d.s.p.ModelPropertiesKeyGenerator      : Cache key generated: org.springframework.web.servlet.ModelAndView(true)
2019-03-18 11:45:27.067  INFO 1120 --- [main] s.d.spring.web.caching.CachingAspect     : Caching aspect applied for cache modelProperties with key org.springframework.web.servlet.ModelAndView(true)
2019-03-18 11:45:27.099  INFO 1120 --- [main] s.d.schema.ModelContextKeyGenerator      : Cache Key Generated: org.springframework.web.servlet.ModelAndView(true)
2019-03-18 11:45:27.099  INFO 1120 --- [main] s.d.spring.web.caching.CachingAspect     : Caching aspect applied for cache modelDependencies with key org.springframework.web.servlet.ModelAndView(true)
2019-03-18 11:45:27.100  INFO 1120 --- [main] s.d.s.p.ModelPropertiesKeyGenerator      : Cache key generated: org.springframework.web.servlet.ModelAndView(true)
2019-03-18 11:45:27.100  INFO 1120 --- [main] s.d.spring.web.caching.CachingAspect     : Caching aspect applied for cache modelProperties with key org.springframework.web.servlet.ModelAndView(true)
2019-03-18 11:45:27.101  INFO 1120 --- [main] s.d.s.p.ModelPropertiesKeyGenerator      : Cache key generated: org.springframework.web.servlet.View(true)
2019-03-18 11:45:27.101  INFO 1120 --- [main] s.d.spring.web.caching.CachingAspect     : Caching aspect applied for cache modelProperties with key org.springframework.web.servlet.View(true)
2019-03-18 11:45:27.103  INFO 1120 --- [main] s.d.s.p.ModelPropertiesKeyGenerator      : Cache key generated: org.springframework.web.servlet.View(true)
2019-03-18 11:45:27.103  INFO 1120 --- [main] s.d.spring.web.caching.CachingAspect     : Caching aspect applied for cache modelProperties with key org.springframework.web.servlet.View(true)
2019-03-18 11:45:27.103  INFO 1120 --- [main] s.d.spring.web.OperationsKeyGenerator    : Cache key generated: /error.org.springframework.boot.autoconfigure.web.servlet.error.BasicErrorController.errorHtml.DefaultGenericTypeNamingStrategy
2019-03-18 11:45:27.103  INFO 1120 --- [main] s.d.spring.web.caching.CachingAspect     : Caching aspect applied for cache operations with key /error.org.springframework.boot.autoconfigure.web.servlet.error.BasicErrorController.errorHtml.DefaultGenericTypeNamingStrategy
2019-03-18 11:45:27.104  INFO 1120 --- [main] s.w.ClassOrApiAnnotationResourceGrouping : Group for method errorHtml was basic-error-controller
2019-03-18 11:45:27.105  INFO 1120 --- [main] s.w.ClassOrApiAnnotationResourceGrouping : Group for method errorHtml was basic-error-controller
2019-03-18 11:45:27.106  INFO 1120 --- [main] s.w.ClassOrApiAnnotationResourceGrouping : Group for method errorHtml was basic-error-controller
2019-03-18 11:45:27.106  INFO 1120 --- [main] s.w.ClassOrApiAnnotationResourceGrouping : Group for method errorHtml was basic-error-controller
2019-03-18 11:45:27.107  INFO 1120 --- [main] s.w.ClassOrApiAnnotationResourceGrouping : Group for method errorHtml was basic-error-controller
2019-03-18 11:45:27.107  INFO 1120 --- [main] s.w.ClassOrApiAnnotationResourceGrouping : Group for method errorHtml was basic-error-controller
2019-03-18 11:45:27.107  INFO 1120 --- [main] s.w.ClassOrApiAnnotationResourceGrouping : Group for method errorHtml was basic-error-controller
2019-03-18 11:45:27.107  INFO 1120 --- [main] s.w.ClassOrApiAnnotationResourceGrouping : Group for method errorHtml was basic-error-controller
2019-03-18 11:45:27.107  INFO 1120 --- [main] s.w.ClassOrApiAnnotationResourceGrouping : Group for method errorHtml was basic-error-controller
2019-03-18 11:45:27.108  INFO 1120 --- [main] s.w.ClassOrApiAnnotationResourceGrouping : Group for method errorHtml was basic-error-controller
2019-03-18 11:45:27.108  INFO 1120 --- [main] s.w.ClassOrApiAnnotationResourceGrouping : Group for method errorHtml was basic-error-controller
2019-03-18 11:45:27.109  INFO 1120 --- [main] s.w.ClassOrApiAnnotationResourceGrouping : Group for method errorHtml was basic-error-controller
2019-03-18 11:45:27.109  INFO 1120 --- [main] s.w.ClassOrApiAnnotationResourceGrouping : Group for method errorHtml was basic-error-controller
2019-03-18 11:45:27.109  INFO 1120 --- [main] s.w.ClassOrApiAnnotationResourceGrouping : Group for method errorHtml was basic-error-controller
2019-03-18 11:45:27.110  INFO 1120 --- [main] s.w.ClassOrApiAnnotationResourceGrouping : Group for method errorHtml was basic-error-controller
2019-03-18 11:45:27.110  INFO 1120 --- [main] s.w.ClassOrApiAnnotationResourceGrouping : Group for method errorHtml was basic-error-controller
2019-03-18 11:45:27.123  INFO 1120 --- [main] s.d.schema.ModelContextKeyGenerator      : Cache Key Generated: fz.fxq.casecore.vo.LoginReqVO(false)
2019-03-18 11:45:27.123  INFO 1120 --- [main] s.d.spring.web.caching.CachingAspect     : Caching aspect applied for cache models with key fz.fxq.casecore.vo.LoginReqVO(false)
2019-03-18 11:45:27.123  INFO 1120 --- [main] s.d.s.p.ModelPropertiesKeyGenerator      : Cache key generated: fz.fxq.casecore.vo.LoginReqVO(false)
2019-03-18 11:45:27.123  INFO 1120 --- [main] s.d.spring.web.caching.CachingAspect     : Caching aspect applied for cache modelProperties with key fz.fxq.casecore.vo.LoginReqVO(false)
2019-03-18 11:45:27.128  INFO 1120 --- [main] s.d.schema.ModelContextKeyGenerator      : Cache Key Generated: fz.fxq.casecore.vo.LoginReqVO(false)
2019-03-18 11:45:27.128  INFO 1120 --- [main] s.d.spring.web.caching.CachingAspect     : Caching aspect applied for cache modelDependencies with key fz.fxq.casecore.vo.LoginReqVO(false)
2019-03-18 11:45:27.128  INFO 1120 --- [main] s.d.s.p.ModelPropertiesKeyGenerator      : Cache key generated: fz.fxq.casecore.vo.LoginReqVO(false)
2019-03-18 11:45:27.129  INFO 1120 --- [main] s.d.spring.web.caching.CachingAspect     : Caching aspect applied for cache modelProperties with key fz.fxq.casecore.vo.LoginReqVO(false)
2019-03-18 11:45:27.129  INFO 1120 --- [main] s.d.schema.ModelContextKeyGenerator      : Cache Key Generated: fz.fxq.casecore.vo.LoginResultVO(true)
2019-03-18 11:45:27.129  INFO 1120 --- [main] s.d.spring.web.caching.CachingAspect     : Caching aspect applied for cache models with key fz.fxq.casecore.vo.LoginResultVO(true)
2019-03-18 11:45:27.129  INFO 1120 --- [main] s.d.s.p.ModelPropertiesKeyGenerator      : Cache key generated: fz.fxq.casecore.vo.LoginResultVO(true)
2019-03-18 11:45:27.129  INFO 1120 --- [main] s.d.spring.web.caching.CachingAspect     : Caching aspect applied for cache modelProperties with key fz.fxq.casecore.vo.LoginResultVO(true)
2019-03-18 11:45:27.130  INFO 1120 --- [main] s.d.schema.ModelContextKeyGenerator      : Cache Key Generated: fz.fxq.casecore.vo.LoginResultVO(true)
2019-03-18 11:45:27.130  INFO 1120 --- [main] s.d.spring.web.caching.CachingAspect     : Caching aspect applied for cache modelDependencies with key fz.fxq.casecore.vo.LoginResultVO(true)
2019-03-18 11:45:27.130  INFO 1120 --- [main] s.d.s.p.ModelPropertiesKeyGenerator      : Cache key generated: fz.fxq.casecore.vo.LoginResultVO(true)
2019-03-18 11:45:27.130  INFO 1120 --- [main] s.d.spring.web.caching.CachingAspect     : Caching aspect applied for cache modelProperties with key fz.fxq.casecore.vo.LoginResultVO(true)
2019-03-18 11:45:27.130  INFO 1120 --- [main] s.d.spring.web.OperationsKeyGenerator    : Cache key generated: /login/submit/mybatis.fz.fxq.casecore.controller.LoginController.loginMybatis.DefaultGenericTypeNamingStrategy
2019-03-18 11:45:27.130  INFO 1120 --- [main] s.d.spring.web.caching.CachingAspect     : Caching aspect applied for cache operations with key /login/submit/mybatis.fz.fxq.casecore.controller.LoginController.loginMybatis.DefaultGenericTypeNamingStrategy
2019-03-18 11:45:27.135  INFO 1120 --- [main] s.w.ClassOrApiAnnotationResourceGrouping : Group for method loginMybatis was 用户登录
2019-03-18 11:45:27.136  INFO 1120 --- [main] s.w.ClassOrApiAnnotationResourceGrouping : Group for method loginMybatis was 用户登录
2019-03-18 11:45:27.139  INFO 1120 --- [main] s.d.schema.ModelContextKeyGenerator      : Cache Key Generated: fz.fxq.casecore.vo.LoginReqVO(false)
2019-03-18 11:45:27.139  INFO 1120 --- [main] s.d.spring.web.caching.CachingAspect     : Caching aspect applied for cache models with key fz.fxq.casecore.vo.LoginReqVO(false)
2019-03-18 11:45:27.139  INFO 1120 --- [main] s.d.schema.ModelContextKeyGenerator      : Cache Key Generated: fz.fxq.casecore.vo.LoginReqVO(false)
2019-03-18 11:45:27.139  INFO 1120 --- [main] s.d.spring.web.caching.CachingAspect     : Caching aspect applied for cache modelDependencies with key fz.fxq.casecore.vo.LoginReqVO(false)
2019-03-18 11:45:27.139  INFO 1120 --- [main] s.d.schema.ModelContextKeyGenerator      : Cache Key Generated: fz.fxq.casecore.vo.LoginResultVO(true)
2019-03-18 11:45:27.139  INFO 1120 --- [main] s.d.spring.web.caching.CachingAspect     : Caching aspect applied for cache models with key fz.fxq.casecore.vo.LoginResultVO(true)
2019-03-18 11:45:27.139  INFO 1120 --- [main] s.d.schema.ModelContextKeyGenerator      : Cache Key Generated: fz.fxq.casecore.vo.LoginResultVO(true)
2019-03-18 11:45:27.139  INFO 1120 --- [main] s.d.spring.web.caching.CachingAspect     : Caching aspect applied for cache modelDependencies with key fz.fxq.casecore.vo.LoginResultVO(true)
2019-03-18 11:45:27.140  INFO 1120 --- [main] s.d.spring.web.OperationsKeyGenerator    : Cache key generated: /login/submit/oracle.fz.fxq.casecore.controller.LoginController.loginOracle.DefaultGenericTypeNamingStrategy
2019-03-18 11:45:27.140  INFO 1120 --- [main] s.d.spring.web.caching.CachingAspect     : Caching aspect applied for cache operations with key /login/submit/oracle.fz.fxq.casecore.controller.LoginController.loginOracle.DefaultGenericTypeNamingStrategy
2019-03-18 11:45:27.141  INFO 1120 --- [main] s.w.ClassOrApiAnnotationResourceGrouping : Group for method loginOracle was 用户登录
2019-03-18 11:45:27.141  INFO 1120 --- [main] s.w.ClassOrApiAnnotationResourceGrouping : Group for method loginOracle was 用户登录
2019-03-18 11:45:27.142  INFO 1120 --- [main] s.d.schema.ModelContextKeyGenerator      : Cache Key Generated: fz.fxq.casecore.vo.LoginReqVO(false)
2019-03-18 11:45:27.142  INFO 1120 --- [main] s.d.spring.web.caching.CachingAspect     : Caching aspect applied for cache models with key fz.fxq.casecore.vo.LoginReqVO(false)
2019-03-18 11:45:27.143  INFO 1120 --- [main] s.d.schema.ModelContextKeyGenerator      : Cache Key Generated: fz.fxq.casecore.vo.LoginReqVO(false)
2019-03-18 11:45:27.143  INFO 1120 --- [main] s.d.spring.web.caching.CachingAspect     : Caching aspect applied for cache modelDependencies with key fz.fxq.casecore.vo.LoginReqVO(false)
2019-03-18 11:45:27.144  INFO 1120 --- [main] s.d.schema.ModelContextKeyGenerator      : Cache Key Generated: fz.fxq.casecore.vo.LoginResultVO(true)
2019-03-18 11:45:27.144  INFO 1120 --- [main] s.d.spring.web.caching.CachingAspect     : Caching aspect applied for cache models with key fz.fxq.casecore.vo.LoginResultVO(true)
2019-03-18 11:45:27.144  INFO 1120 --- [main] s.d.schema.ModelContextKeyGenerator      : Cache Key Generated: fz.fxq.casecore.vo.LoginResultVO(true)
2019-03-18 11:45:27.145  INFO 1120 --- [main] s.d.spring.web.caching.CachingAspect     : Caching aspect applied for cache modelDependencies with key fz.fxq.casecore.vo.LoginResultVO(true)
2019-03-18 11:45:27.145  INFO 1120 --- [main] s.d.spring.web.OperationsKeyGenerator    : Cache key generated: /login/submit/redis.fz.fxq.casecore.controller.LoginController.loginRedis.DefaultGenericTypeNamingStrategy
2019-03-18 11:45:27.145  INFO 1120 --- [main] s.d.spring.web.caching.CachingAspect     : Caching aspect applied for cache operations with key /login/submit/redis.fz.fxq.casecore.controller.LoginController.loginRedis.DefaultGenericTypeNamingStrategy
2019-03-18 11:45:27.146  INFO 1120 --- [main] s.w.ClassOrApiAnnotationResourceGrouping : Group for method loginRedis was 用户登录
2019-03-18 11:45:27.146  INFO 1120 --- [main] s.w.ClassOrApiAnnotationResourceGrouping : Group for method loginRedis was 用户登录
2019-03-18 11:45:27.195  INFO 1120 --- [main] o.s.b.w.embedded.tomcat.TomcatWebServer  : Tomcat started on port(s): 8080 (http) with context path ''
2019-03-18 11:45:27.200  INFO 1120 --- [main] fz.fxq.casecore.CasecoreApplication      : Started CasecoreApplication in 4.133 seconds (JVM running for 5.133)
2019-03-18 11:45:27.205  INFO 1120 --- [main] fz.fxq.casecore.CasecoreApplication      : --------------------------
2019-03-18 11:45:27.205  INFO 1120 --- [main] fz.fxq.casecore.CasecoreApplication      : ------Start Success-------
2019-03-18 11:45:27.205  INFO 1120 --- [main] fz.fxq.casecore.CasecoreApplication      : --------------------------
2019-03-18 11:45:47.462  INFO 4428 --- [main] fz.fxq.casecore.CasecoreApplication      : Starting CasecoreApplication on DESKTOP-S74CRI5 with PID 4428 (D:\IdeaWorkspace\casecore\target\classes started by Administrator in D:\IdeaWorkspace\casecore)
2019-03-18 11:45:47.473  INFO 4428 --- [main] fz.fxq.casecore.CasecoreApplication      : No active profile set, falling back to default profiles: default
2019-03-18 11:45:48.678  INFO 4428 --- [main] .s.d.r.c.RepositoryConfigurationDelegate : Multiple Spring Data modules found, entering strict repository configuration mode!
2019-03-18 11:45:48.682  INFO 4428 --- [main] .s.d.r.c.RepositoryConfigurationDelegate : Bootstrapping Spring Data repositories in DEFAULT mode.
2019-03-18 11:45:48.722  INFO 4428 --- [main] .s.d.r.c.RepositoryConfigurationDelegate : Finished Spring Data repository scanning in 20ms. Found 0 repository interfaces.
2019-03-18 11:45:49.101  INFO 4428 --- [main] trationDelegate$BeanPostProcessorChecker : Bean 'org.springframework.transaction.annotation.ProxyTransactionManagementConfiguration' of type [org.springframework.transaction.annotation.ProxyTransactionManagementConfiguration$$EnhancerBySpringCGLIB$$68ae6a96] is not eligible for getting processed by all BeanPostProcessors (for example: not eligible for auto-proxying)
2019-03-18 11:45:49.190  INFO 4428 --- [main] trationDelegate$BeanPostProcessorChecker : Bean 'org.springframework.hateoas.config.HateoasConfiguration' of type [org.springframework.hateoas.config.HateoasConfiguration$$EnhancerBySpringCGLIB$$e82eb7c8] is not eligible for getting processed by all BeanPostProcessors (for example: not eligible for auto-proxying)
2019-03-18 11:45:49.495  INFO 4428 --- [main] o.s.b.w.embedded.tomcat.TomcatWebServer  : Tomcat initialized with port(s): 8080 (http)
2019-03-18 11:45:49.517  INFO 4428 --- [main] o.apache.catalina.core.StandardService   : Starting service [Tomcat]
2019-03-18 11:45:49.517  INFO 4428 --- [main] org.apache.catalina.core.StandardEngine  : Starting Servlet engine: [Apache Tomcat/9.0.16]
2019-03-18 11:45:49.523  INFO 4428 --- [main] o.a.catalina.core.AprLifecycleListener   : The APR based Apache Tomcat Native library which allows optimal performance in production environments was not found on the java.library.path: [D:\Program Files\Java\jdk1.8.0_191\bin;C:\Windows\Sun\Java\bin;C:\Windows\system32;C:\Windows;D:\oracle\app\Administrator\product\11.2.0\dbhome_1\bin;C:\Program Files (x86)\Common Files\Oracle\Java\javapath;C:\Windows\system32;C:\Windows;C:\Windows\System32\Wbem;C:\Windows\System32\WindowsPowerShell\v1.0\;C:\Windows\System32\OpenSSH\;D:\Program Files\Git\cmd;D:\Program Files\nodejs\;C:\Users\Administrator\AppData\Local\Microsoft\WindowsApps;D:\Program Files\Java\jdk1.8.0_191\bin;"D:\Program Files\Java\jdk1.8.0_191\jre\bin;";D:\Program Files\apache-maven-3.6.0\bin;C:\Users\Administrator\AppData\Roaming\npm;D:\Program Files\nodejs;;.]
2019-03-18 11:45:49.634  INFO 4428 --- [main] o.a.c.c.C.[Tomcat].[localhost].[/]       : Initializing Spring embedded WebApplicationContext
2019-03-18 11:45:49.634  INFO 4428 --- [main] o.s.web.context.ContextLoader            : Root WebApplicationContext: initialization completed in 2092 ms
2019-03-18 11:45:50.558  INFO 4428 --- [main] o.s.s.concurrent.ThreadPoolTaskExecutor  : Initializing ExecutorService 'applicationTaskExecutor'
2019-03-18 11:45:50.895  INFO 4428 --- [main] d.s.w.p.DocumentationPluginsBootstrapper : Context refreshed
2019-03-18 11:45:50.910  INFO 4428 --- [main] d.s.w.p.DocumentationPluginsBootstrapper : Found {0} custom documentation plugin(s)
2019-03-18 11:45:50.919  INFO 4428 --- [main] s.d.s.w.s.ApiListingReferenceScanner     : Scanning for api listing references
2019-03-18 11:45:50.922  INFO 4428 --- [main] s.w.ClassOrApiAnnotationResourceGrouping : Group for method error was basic-error-controller
2019-03-18 11:45:50.925  INFO 4428 --- [main] s.d.s.w.s.ApiListingReferenceScanner     : Request mapping: error belongs to groups: [[ResourceGroup{groupName='basic-error-controller', position=0, controller=org.springframework.boot.autoconfigure.web.servlet.error.BasicErrorController}]] 
2019-03-18 11:45:50.927  INFO 4428 --- [main] s.w.ClassOrApiAnnotationResourceGrouping : Group for method errorHtml was basic-error-controller
2019-03-18 11:45:50.927  INFO 4428 --- [main] s.d.s.w.s.ApiListingReferenceScanner     : Request mapping: errorHtml belongs to groups: [[ResourceGroup{groupName='basic-error-controller', position=0, controller=org.springframework.boot.autoconfigure.web.servlet.error.BasicErrorController}]] 
2019-03-18 11:45:50.928  INFO 4428 --- [main] s.w.ClassOrApiAnnotationResourceGrouping : Group for method loginMybatis was 用户登录
2019-03-18 11:45:50.928  INFO 4428 --- [main] s.d.s.w.s.ApiListingReferenceScanner     : Request mapping: loginMybatis belongs to groups: [[ResourceGroup{groupName='用户登录', position=0, controller=fz.fxq.casecore.controller.LoginController}]] 
2019-03-18 11:45:50.929  INFO 4428 --- [main] s.w.ClassOrApiAnnotationResourceGrouping : Group for method loginOracle was 用户登录
2019-03-18 11:45:50.929  INFO 4428 --- [main] s.d.s.w.s.ApiListingReferenceScanner     : Request mapping: loginOracle belongs to groups: [[ResourceGroup{groupName='用户登录', position=0, controller=fz.fxq.casecore.controller.LoginController}]] 
2019-03-18 11:45:50.929  INFO 4428 --- [main] s.w.ClassOrApiAnnotationResourceGrouping : Group for method loginRedis was 用户登录
2019-03-18 11:45:50.929  INFO 4428 --- [main] s.d.s.w.s.ApiListingReferenceScanner     : Request mapping: loginRedis belongs to groups: [[ResourceGroup{groupName='用户登录', position=0, controller=fz.fxq.casecore.controller.LoginController}]] 
2019-03-18 11:45:50.935  INFO 4428 --- [main] s.d.s.w.s.ApiListingReferenceScanner     : Created resource listing Path: /default/用户登录 Description: 用户登录 Position: 0
2019-03-18 11:45:50.937  INFO 4428 --- [main] s.d.s.w.s.ApiListingReferenceScanner     : Created resource listing Path: /default/basic-error-controller Description: basic-error-controller Position: 0
2019-03-18 11:45:50.956  INFO 4428 --- [main] s.d.schema.ModelContextKeyGenerator      : Cache Key Generated: java.util.Map<java.lang.String,java.lang.Object>(true)
2019-03-18 11:45:50.956  INFO 4428 --- [main] s.d.spring.web.caching.CachingAspect     : Caching aspect applied for cache models with key java.util.Map<java.lang.String,java.lang.Object>(true)
2019-03-18 11:45:50.961  INFO 4428 --- [main] s.d.schema.ModelContextKeyGenerator      : Cache Key Generated: java.util.Map<java.lang.String,java.lang.Object>(true)
2019-03-18 11:45:50.961  INFO 4428 --- [main] s.d.spring.web.caching.CachingAspect     : Caching aspect applied for cache modelDependencies with key java.util.Map<java.lang.String,java.lang.Object>(true)
2019-03-18 11:45:50.965  INFO 4428 --- [main] s.d.spring.web.OperationsKeyGenerator    : Cache key generated: /error.org.springframework.boot.autoconfigure.web.servlet.error.BasicErrorController.error.DefaultGenericTypeNamingStrategy
2019-03-18 11:45:50.965  INFO 4428 --- [main] s.d.spring.web.caching.CachingAspect     : Caching aspect applied for cache operations with key /error.org.springframework.boot.autoconfigure.web.servlet.error.BasicErrorController.error.DefaultGenericTypeNamingStrategy
2019-03-18 11:45:50.973  INFO 4428 --- [main] s.w.ClassOrApiAnnotationResourceGrouping : Group for method error was basic-error-controller
2019-03-18 11:45:50.977  INFO 4428 --- [main] s.w.ClassOrApiAnnotationResourceGrouping : Group for method error was basic-error-controller
2019-03-18 11:45:50.980  INFO 4428 --- [main] s.w.ClassOrApiAnnotationResourceGrouping : Group for method error was basic-error-controller
2019-03-18 11:45:50.981  INFO 4428 --- [main] s.w.ClassOrApiAnnotationResourceGrouping : Group for method error was basic-error-controller
2019-03-18 11:45:50.982  INFO 4428 --- [main] s.w.ClassOrApiAnnotationResourceGrouping : Group for method error was basic-error-controller
2019-03-18 11:45:50.983  INFO 4428 --- [main] s.w.ClassOrApiAnnotationResourceGrouping : Group for method error was basic-error-controller
2019-03-18 11:45:50.985  INFO 4428 --- [main] s.w.ClassOrApiAnnotationResourceGrouping : Group for method error was basic-error-controller
2019-03-18 11:45:50.986  INFO 4428 --- [main] s.w.ClassOrApiAnnotationResourceGrouping : Group for method error was basic-error-controller
2019-03-18 11:45:50.987  INFO 4428 --- [main] s.w.ClassOrApiAnnotationResourceGrouping : Group for method error was basic-error-controller
2019-03-18 11:45:50.988  INFO 4428 --- [main] s.w.ClassOrApiAnnotationResourceGrouping : Group for method error was basic-error-controller
2019-03-18 11:45:50.989  INFO 4428 --- [main] s.w.ClassOrApiAnnotationResourceGrouping : Group for method error was basic-error-controller
2019-03-18 11:45:50.990  INFO 4428 --- [main] s.w.ClassOrApiAnnotationResourceGrouping : Group for method error was basic-error-controller
2019-03-18 11:45:50.991  INFO 4428 --- [main] s.w.ClassOrApiAnnotationResourceGrouping : Group for method error was basic-error-controller
2019-03-18 11:45:50.991  INFO 4428 --- [main] s.w.ClassOrApiAnnotationResourceGrouping : Group for method error was basic-error-controller
2019-03-18 11:45:50.992  INFO 4428 --- [main] s.w.ClassOrApiAnnotationResourceGrouping : Group for method error was basic-error-controller
2019-03-18 11:45:50.993  INFO 4428 --- [main] s.w.ClassOrApiAnnotationResourceGrouping : Group for method error was basic-error-controller
2019-03-18 11:45:50.999  INFO 4428 --- [main] s.d.schema.ModelContextKeyGenerator      : Cache Key Generated: org.springframework.web.servlet.ModelAndView(true)
2019-03-18 11:45:50.999  INFO 4428 --- [main] s.d.spring.web.caching.CachingAspect     : Caching aspect applied for cache models with key org.springframework.web.servlet.ModelAndView(true)
2019-03-18 11:45:51.000  INFO 4428 --- [main] s.d.s.p.ModelPropertiesKeyGenerator      : Cache key generated: org.springframework.web.servlet.ModelAndView(true)
2019-03-18 11:45:51.001  INFO 4428 --- [main] s.d.spring.web.caching.CachingAspect     : Caching aspect applied for cache modelProperties with key org.springframework.web.servlet.ModelAndView(true)
2019-03-18 11:45:51.035  INFO 4428 --- [main] s.d.schema.ModelContextKeyGenerator      : Cache Key Generated: org.springframework.web.servlet.ModelAndView(true)
2019-03-18 11:45:51.035  INFO 4428 --- [main] s.d.spring.web.caching.CachingAspect     : Caching aspect applied for cache modelDependencies with key org.springframework.web.servlet.ModelAndView(true)
2019-03-18 11:45:51.035  INFO 4428 --- [main] s.d.s.p.ModelPropertiesKeyGenerator      : Cache key generated: org.springframework.web.servlet.ModelAndView(true)
2019-03-18 11:45:51.035  INFO 4428 --- [main] s.d.spring.web.caching.CachingAspect     : Caching aspect applied for cache modelProperties with key org.springframework.web.servlet.ModelAndView(true)
2019-03-18 11:45:51.036  INFO 4428 --- [main] s.d.s.p.ModelPropertiesKeyGenerator      : Cache key generated: org.springframework.web.servlet.View(true)
2019-03-18 11:45:51.036  INFO 4428 --- [main] s.d.spring.web.caching.CachingAspect     : Caching aspect applied for cache modelProperties with key org.springframework.web.servlet.View(true)
2019-03-18 11:45:51.038  INFO 4428 --- [main] s.d.s.p.ModelPropertiesKeyGenerator      : Cache key generated: org.springframework.web.servlet.View(true)
2019-03-18 11:45:51.039  INFO 4428 --- [main] s.d.spring.web.caching.CachingAspect     : Caching aspect applied for cache modelProperties with key org.springframework.web.servlet.View(true)
2019-03-18 11:45:51.039  INFO 4428 --- [main] s.d.spring.web.OperationsKeyGenerator    : Cache key generated: /error.org.springframework.boot.autoconfigure.web.servlet.error.BasicErrorController.errorHtml.DefaultGenericTypeNamingStrategy
2019-03-18 11:45:51.039  INFO 4428 --- [main] s.d.spring.web.caching.CachingAspect     : Caching aspect applied for cache operations with key /error.org.springframework.boot.autoconfigure.web.servlet.error.BasicErrorController.errorHtml.DefaultGenericTypeNamingStrategy
2019-03-18 11:45:51.040  INFO 4428 --- [main] s.w.ClassOrApiAnnotationResourceGrouping : Group for method errorHtml was basic-error-controller
2019-03-18 11:45:51.041  INFO 4428 --- [main] s.w.ClassOrApiAnnotationResourceGrouping : Group for method errorHtml was basic-error-controller
2019-03-18 11:45:51.041  INFO 4428 --- [main] s.w.ClassOrApiAnnotationResourceGrouping : Group for method errorHtml was basic-error-controller
2019-03-18 11:45:51.042  INFO 4428 --- [main] s.w.ClassOrApiAnnotationResourceGrouping : Group for method errorHtml was basic-error-controller
2019-03-18 11:45:51.042  INFO 4428 --- [main] s.w.ClassOrApiAnnotationResourceGrouping : Group for method errorHtml was basic-error-controller
2019-03-18 11:45:51.042  INFO 4428 --- [main] s.w.ClassOrApiAnnotationResourceGrouping : Group for method errorHtml was basic-error-controller
2019-03-18 11:45:51.043  INFO 4428 --- [main] s.w.ClassOrApiAnnotationResourceGrouping : Group for method errorHtml was basic-error-controller
2019-03-18 11:45:51.043  INFO 4428 --- [main] s.w.ClassOrApiAnnotationResourceGrouping : Group for method errorHtml was basic-error-controller
2019-03-18 11:45:51.044  INFO 4428 --- [main] s.w.ClassOrApiAnnotationResourceGrouping : Group for method errorHtml was basic-error-controller
2019-03-18 11:45:51.045  INFO 4428 --- [main] s.w.ClassOrApiAnnotationResourceGrouping : Group for method errorHtml was basic-error-controller
2019-03-18 11:45:51.046  INFO 4428 --- [main] s.w.ClassOrApiAnnotationResourceGrouping : Group for method errorHtml was basic-error-controller
2019-03-18 11:45:51.046  INFO 4428 --- [main] s.w.ClassOrApiAnnotationResourceGrouping : Group for method errorHtml was basic-error-controller
2019-03-18 11:45:51.047  INFO 4428 --- [main] s.w.ClassOrApiAnnotationResourceGrouping : Group for method errorHtml was basic-error-controller
2019-03-18 11:45:51.048  INFO 4428 --- [main] s.w.ClassOrApiAnnotationResourceGrouping : Group for method errorHtml was basic-error-controller
2019-03-18 11:45:51.048  INFO 4428 --- [main] s.w.ClassOrApiAnnotationResourceGrouping : Group for method errorHtml was basic-error-controller
2019-03-18 11:45:51.049  INFO 4428 --- [main] s.w.ClassOrApiAnnotationResourceGrouping : Group for method errorHtml was basic-error-controller
2019-03-18 11:45:51.060  INFO 4428 --- [main] s.d.schema.ModelContextKeyGenerator      : Cache Key Generated: fz.fxq.casecore.vo.LoginReqVO(false)
2019-03-18 11:45:51.060  INFO 4428 --- [main] s.d.spring.web.caching.CachingAspect     : Caching aspect applied for cache models with key fz.fxq.casecore.vo.LoginReqVO(false)
2019-03-18 11:45:51.061  INFO 4428 --- [main] s.d.s.p.ModelPropertiesKeyGenerator      : Cache key generated: fz.fxq.casecore.vo.LoginReqVO(false)
2019-03-18 11:45:51.061  INFO 4428 --- [main] s.d.spring.web.caching.CachingAspect     : Caching aspect applied for cache modelProperties with key fz.fxq.casecore.vo.LoginReqVO(false)
2019-03-18 11:45:51.066  INFO 4428 --- [main] s.d.schema.ModelContextKeyGenerator      : Cache Key Generated: fz.fxq.casecore.vo.LoginReqVO(false)
2019-03-18 11:45:51.066  INFO 4428 --- [main] s.d.spring.web.caching.CachingAspect     : Caching aspect applied for cache modelDependencies with key fz.fxq.casecore.vo.LoginReqVO(false)
2019-03-18 11:45:51.066  INFO 4428 --- [main] s.d.s.p.ModelPropertiesKeyGenerator      : Cache key generated: fz.fxq.casecore.vo.LoginReqVO(false)
2019-03-18 11:45:51.066  INFO 4428 --- [main] s.d.spring.web.caching.CachingAspect     : Caching aspect applied for cache modelProperties with key fz.fxq.casecore.vo.LoginReqVO(false)
2019-03-18 11:45:51.066  INFO 4428 --- [main] s.d.schema.ModelContextKeyGenerator      : Cache Key Generated: fz.fxq.casecore.vo.LoginResultVO(true)
2019-03-18 11:45:51.066  INFO 4428 --- [main] s.d.spring.web.caching.CachingAspect     : Caching aspect applied for cache models with key fz.fxq.casecore.vo.LoginResultVO(true)
2019-03-18 11:45:51.067  INFO 4428 --- [main] s.d.s.p.ModelPropertiesKeyGenerator      : Cache key generated: fz.fxq.casecore.vo.LoginResultVO(true)
2019-03-18 11:45:51.067  INFO 4428 --- [main] s.d.spring.web.caching.CachingAspect     : Caching aspect applied for cache modelProperties with key fz.fxq.casecore.vo.LoginResultVO(true)
2019-03-18 11:45:51.067  INFO 4428 --- [main] s.d.schema.ModelContextKeyGenerator      : Cache Key Generated: fz.fxq.casecore.vo.LoginResultVO(true)
2019-03-18 11:45:51.068  INFO 4428 --- [main] s.d.spring.web.caching.CachingAspect     : Caching aspect applied for cache modelDependencies with key fz.fxq.casecore.vo.LoginResultVO(true)
2019-03-18 11:45:51.068  INFO 4428 --- [main] s.d.s.p.ModelPropertiesKeyGenerator      : Cache key generated: fz.fxq.casecore.vo.LoginResultVO(true)
2019-03-18 11:45:51.068  INFO 4428 --- [main] s.d.spring.web.caching.CachingAspect     : Caching aspect applied for cache modelProperties with key fz.fxq.casecore.vo.LoginResultVO(true)
2019-03-18 11:45:51.068  INFO 4428 --- [main] s.d.spring.web.OperationsKeyGenerator    : Cache key generated: /login/submit/mybatis.fz.fxq.casecore.controller.LoginController.loginMybatis.DefaultGenericTypeNamingStrategy
2019-03-18 11:45:51.068  INFO 4428 --- [main] s.d.spring.web.caching.CachingAspect     : Caching aspect applied for cache operations with key /login/submit/mybatis.fz.fxq.casecore.controller.LoginController.loginMybatis.DefaultGenericTypeNamingStrategy
2019-03-18 11:45:51.073  INFO 4428 --- [main] s.w.ClassOrApiAnnotationResourceGrouping : Group for method loginMybatis was 用户登录
2019-03-18 11:45:51.074  INFO 4428 --- [main] s.w.ClassOrApiAnnotationResourceGrouping : Group for method loginMybatis was 用户登录
2019-03-18 11:45:51.077  INFO 4428 --- [main] s.d.schema.ModelContextKeyGenerator      : Cache Key Generated: fz.fxq.casecore.vo.LoginReqVO(false)
2019-03-18 11:45:51.077  INFO 4428 --- [main] s.d.spring.web.caching.CachingAspect     : Caching aspect applied for cache models with key fz.fxq.casecore.vo.LoginReqVO(false)
2019-03-18 11:45:51.077  INFO 4428 --- [main] s.d.schema.ModelContextKeyGenerator      : Cache Key Generated: fz.fxq.casecore.vo.LoginReqVO(false)
2019-03-18 11:45:51.077  INFO 4428 --- [main] s.d.spring.web.caching.CachingAspect     : Caching aspect applied for cache modelDependencies with key fz.fxq.casecore.vo.LoginReqVO(false)
2019-03-18 11:45:51.077  INFO 4428 --- [main] s.d.schema.ModelContextKeyGenerator      : Cache Key Generated: fz.fxq.casecore.vo.LoginResultVO(true)
2019-03-18 11:45:51.077  INFO 4428 --- [main] s.d.spring.web.caching.CachingAspect     : Caching aspect applied for cache models with key fz.fxq.casecore.vo.LoginResultVO(true)
2019-03-18 11:45:51.077  INFO 4428 --- [main] s.d.schema.ModelContextKeyGenerator      : Cache Key Generated: fz.fxq.casecore.vo.LoginResultVO(true)
2019-03-18 11:45:51.077  INFO 4428 --- [main] s.d.spring.web.caching.CachingAspect     : Caching aspect applied for cache modelDependencies with key fz.fxq.casecore.vo.LoginResultVO(true)
2019-03-18 11:45:51.078  INFO 4428 --- [main] s.d.spring.web.OperationsKeyGenerator    : Cache key generated: /login/submit/oracle.fz.fxq.casecore.controller.LoginController.loginOracle.DefaultGenericTypeNamingStrategy
2019-03-18 11:45:51.078  INFO 4428 --- [main] s.d.spring.web.caching.CachingAspect     : Caching aspect applied for cache operations with key /login/submit/oracle.fz.fxq.casecore.controller.LoginController.loginOracle.DefaultGenericTypeNamingStrategy
2019-03-18 11:45:51.079  INFO 4428 --- [main] s.w.ClassOrApiAnnotationResourceGrouping : Group for method loginOracle was 用户登录
2019-03-18 11:45:51.079  INFO 4428 --- [main] s.w.ClassOrApiAnnotationResourceGrouping : Group for method loginOracle was 用户登录
2019-03-18 11:45:51.080  INFO 4428 --- [main] s.d.schema.ModelContextKeyGenerator      : Cache Key Generated: fz.fxq.casecore.vo.LoginReqVO(false)
2019-03-18 11:45:51.080  INFO 4428 --- [main] s.d.spring.web.caching.CachingAspect     : Caching aspect applied for cache models with key fz.fxq.casecore.vo.LoginReqVO(false)
2019-03-18 11:45:51.081  INFO 4428 --- [main] s.d.schema.ModelContextKeyGenerator      : Cache Key Generated: fz.fxq.casecore.vo.LoginReqVO(false)
2019-03-18 11:45:51.081  INFO 4428 --- [main] s.d.spring.web.caching.CachingAspect     : Caching aspect applied for cache modelDependencies with key fz.fxq.casecore.vo.LoginReqVO(false)
2019-03-18 11:45:51.081  INFO 4428 --- [main] s.d.schema.ModelContextKeyGenerator      : Cache Key Generated: fz.fxq.casecore.vo.LoginResultVO(true)
2019-03-18 11:45:51.081  INFO 4428 --- [main] s.d.spring.web.caching.CachingAspect     : Caching aspect applied for cache models with key fz.fxq.casecore.vo.LoginResultVO(true)
2019-03-18 11:45:51.082  INFO 4428 --- [main] s.d.schema.ModelContextKeyGenerator      : Cache Key Generated: fz.fxq.casecore.vo.LoginResultVO(true)
2019-03-18 11:45:51.082  INFO 4428 --- [main] s.d.spring.web.caching.CachingAspect     : Caching aspect applied for cache modelDependencies with key fz.fxq.casecore.vo.LoginResultVO(true)
2019-03-18 11:45:51.082  INFO 4428 --- [main] s.d.spring.web.OperationsKeyGenerator    : Cache key generated: /login/submit/redis.fz.fxq.casecore.controller.LoginController.loginRedis.DefaultGenericTypeNamingStrategy
2019-03-18 11:45:51.082  INFO 4428 --- [main] s.d.spring.web.caching.CachingAspect     : Caching aspect applied for cache operations with key /login/submit/redis.fz.fxq.casecore.controller.LoginController.loginRedis.DefaultGenericTypeNamingStrategy
2019-03-18 11:45:51.083  INFO 4428 --- [main] s.w.ClassOrApiAnnotationResourceGrouping : Group for method loginRedis was 用户登录
2019-03-18 11:45:51.083  INFO 4428 --- [main] s.w.ClassOrApiAnnotationResourceGrouping : Group for method loginRedis was 用户登录
2019-03-18 11:45:51.128  INFO 4428 --- [main] o.s.b.w.embedded.tomcat.TomcatWebServer  : Tomcat started on port(s): 8080 (http) with context path ''
2019-03-18 11:45:51.131  INFO 4428 --- [main] fz.fxq.casecore.CasecoreApplication      : Started CasecoreApplication in 4.203 seconds (JVM running for 5.333)
2019-03-18 11:45:51.134  INFO 4428 --- [main] fz.fxq.casecore.CasecoreApplication      : --------------------------
2019-03-18 11:45:51.134  INFO 4428 --- [main] fz.fxq.casecore.CasecoreApplication      : ------Start Success-------
2019-03-18 11:45:51.134  INFO 4428 --- [main] fz.fxq.casecore.CasecoreApplication      : --------------------------
2019-03-18 11:46:21.486  INFO 4428 --- [http-nio-8080-exec-1] o.a.c.c.C.[Tomcat].[localhost].[/]       : Initializing Spring DispatcherServlet 'dispatcherServlet'
2019-03-18 11:46:21.487  INFO 4428 --- [http-nio-8080-exec-1] o.s.web.servlet.DispatcherServlet        : Initializing Servlet 'dispatcherServlet'
2019-03-18 11:46:21.496  INFO 4428 --- [http-nio-8080-exec-1] o.s.web.servlet.DispatcherServlet        : Completed initialization in 9 ms
2019-03-18 11:46:21.568  INFO 4428 --- [http-nio-8080-exec-1] f.f.casecore.controller.LoginController  : loginOracle,loginReqVO[userId[201806130489234]userPwd[2]]
2019-03-18 11:46:21.579  INFO 4428 --- [http-nio-8080-exec-1] com.zaxxer.hikari.HikariDataSource       : HikariPool-1 - Starting...
2019-03-18 11:46:21.886  INFO 4428 --- [http-nio-8080-exec-1] com.zaxxer.hikari.pool.PoolBase          : HikariPool-1 - Driver does not support get/set network timeout for connections. (oracle.jdbc.driver.T4CConnection.getNetworkTimeout()I)
2019-03-18 11:46:21.890  INFO 4428 --- [http-nio-8080-exec-1] com.zaxxer.hikari.HikariDataSource       : HikariPool-1 - Start completed.
2019-03-18 11:46:22.445  INFO 4428 --- [http-nio-8080-exec-1] f.f.c.service.impl.LoginServiceImpl      : userPOList,size[7434]
2019-03-18 11:46:22.500  INFO 4428 --- [http-nio-8080-exec-1] f.f.c.service.impl.LoginServiceImpl      : userPO,UserName[阮永炽]
